{"C:\\DevTools\\subib\\src\\auth.js": {"path":"C:\\DevTools\\subib\\src\\auth.js","statementMap":{"0":{"start":{"line":4,"column":4},"end":{"line":4,"column":55}},"1":{"start":{"line":5,"column":4},"end":{"line":5,"column":28}},"2":{"start":{"line":6,"column":4},"end":{"line":6,"column":26}},"3":{"start":{"line":7,"column":4},"end":{"line":7,"column":28}},"4":{"start":{"line":10,"column":4},"end":{"line":10,"column":67}},"5":{"start":{"line":15,"column":4},"end":{"line":32,"column":5}},"6":{"start":{"line":17,"column":41},"end":{"line":17,"column":101}},"7":{"start":{"line":18,"column":6},"end":{"line":18,"column":33}},"8":{"start":{"line":19,"column":6},"end":{"line":19,"column":37}},"9":{"start":{"line":22,"column":6},"end":{"line":26,"column":7}},"10":{"start":{"line":23,"column":27},"end":{"line":23,"column":52}},"11":{"start":{"line":24,"column":8},"end":{"line":24,"column":46}},"12":{"start":{"line":25,"column":8},"end":{"line":25,"column":38}},"13":{"start":{"line":29,"column":6},"end":{"line":29,"column":69}},"14":{"start":{"line":31,"column":6},"end":{"line":31,"column":57}},"15":{"start":{"line":36,"column":4},"end":{"line":43,"column":5}},"16":{"start":{"line":37,"column":6},"end":{"line":39,"column":7}},"17":{"start":{"line":38,"column":8},"end":{"line":38,"column":52}},"18":{"start":{"line":40,"column":6},"end":{"line":42,"column":7}},"19":{"start":{"line":41,"column":8},"end":{"line":41,"column":56}},"20":{"start":{"line":48,"column":4},"end":{"line":68,"column":5}},"21":{"start":{"line":49,"column":23},"end":{"line":55,"column":8}},"22":{"start":{"line":57,"column":6},"end":{"line":60,"column":7}},"23":{"start":{"line":58,"column":22},"end":{"line":58,"column":43}},"24":{"start":{"line":59,"column":8},"end":{"line":59,"column":62}},"25":{"start":{"line":62,"column":19},"end":{"line":62,"column":40}},"26":{"start":{"line":63,"column":6},"end":{"line":63,"column":41}},"27":{"start":{"line":64,"column":6},"end":{"line":64,"column":18}},"28":{"start":{"line":66,"column":6},"end":{"line":66,"column":50}},"29":{"start":{"line":67,"column":6},"end":{"line":67,"column":18}},"30":{"start":{"line":73,"column":4},"end":{"line":93,"column":5}},"31":{"start":{"line":74,"column":23},"end":{"line":80,"column":8}},"32":{"start":{"line":82,"column":6},"end":{"line":85,"column":7}},"33":{"start":{"line":83,"column":22},"end":{"line":83,"column":43}},"34":{"start":{"line":84,"column":8},"end":{"line":84,"column":55}},"35":{"start":{"line":87,"column":19},"end":{"line":87,"column":40}},"36":{"start":{"line":88,"column":6},"end":{"line":88,"column":41}},"37":{"start":{"line":89,"column":6},"end":{"line":89,"column":18}},"38":{"start":{"line":91,"column":6},"end":{"line":91,"column":43}},"39":{"start":{"line":92,"column":6},"end":{"line":92,"column":18}},"40":{"start":{"line":98,"column":4},"end":{"line":111,"column":5}},"41":{"start":{"line":99,"column":6},"end":{"line":106,"column":7}},"42":{"start":{"line":100,"column":8},"end":{"line":105,"column":11}},"43":{"start":{"line":108,"column":6},"end":{"line":108,"column":44}},"44":{"start":{"line":110,"column":6},"end":{"line":110,"column":34}},"45":{"start":{"line":116,"column":28},"end":{"line":116,"column":32}},"46":{"start":{"line":119,"column":4},"end":{"line":122,"column":7}},"47":{"start":{"line":124,"column":4},"end":{"line":124,"column":27}},"48":{"start":{"line":125,"column":4},"end":{"line":125,"column":28}},"49":{"start":{"line":128,"column":4},"end":{"line":132,"column":5}},"50":{"start":{"line":129,"column":25},"end":{"line":129,"column":50}},"51":{"start":{"line":130,"column":6},"end":{"line":130,"column":44}},"52":{"start":{"line":131,"column":6},"end":{"line":131,"column":36}},"53":{"start":{"line":135,"column":4},"end":{"line":135,"column":34}},"54":{"start":{"line":141,"column":4},"end":{"line":141,"column":68}},"55":{"start":{"line":143,"column":4},"end":{"line":143,"column":26}},"56":{"start":{"line":144,"column":4},"end":{"line":144,"column":28}},"57":{"start":{"line":145,"column":4},"end":{"line":145,"column":28}},"58":{"start":{"line":150,"column":4},"end":{"line":150,"column":38}},"59":{"start":{"line":150,"column":25},"end":{"line":150,"column":38}},"60":{"start":{"line":152,"column":4},"end":{"line":171,"column":5}},"61":{"start":{"line":153,"column":23},"end":{"line":157,"column":8}},"62":{"start":{"line":159,"column":6},"end":{"line":162,"column":7}},"63":{"start":{"line":160,"column":8},"end":{"line":160,"column":36}},"64":{"start":{"line":161,"column":8},"end":{"line":161,"column":21}},"65":{"start":{"line":164,"column":19},"end":{"line":164,"column":40}},"66":{"start":{"line":165,"column":6},"end":{"line":165,"column":35}},"67":{"start":{"line":166,"column":6},"end":{"line":166,"column":18}},"68":{"start":{"line":168,"column":6},"end":{"line":168,"column":54}},"69":{"start":{"line":169,"column":6},"end":{"line":169,"column":34}},"70":{"start":{"line":170,"column":6},"end":{"line":170,"column":19}},"71":{"start":{"line":176,"column":4},"end":{"line":176,"column":28}},"72":{"start":{"line":181,"column":4},"end":{"line":181,"column":50}},"73":{"start":{"line":185,"column":4},"end":{"line":185,"column":26}},"74":{"start":{"line":190,"column":20},"end":{"line":190,"column":37}}},"fnMap":{"0":{"name":"(anonymous_0)","decl":{"start":{"line":3,"column":2},"end":{"line":3,"column":3}},"loc":{"start":{"line":3,"column":16},"end":{"line":11,"column":3}},"line":3},"1":{"name":"(anonymous_1)","decl":{"start":{"line":14,"column":2},"end":{"line":14,"column":3}},"loc":{"start":{"line":14,"column":15},"end":{"line":33,"column":3}},"line":14},"2":{"name":"(anonymous_2)","decl":{"start":{"line":35,"column":2},"end":{"line":35,"column":3}},"loc":{"start":{"line":35,"column":48},"end":{"line":44,"column":3}},"line":35},"3":{"name":"(anonymous_3)","decl":{"start":{"line":47,"column":2},"end":{"line":47,"column":3}},"loc":{"start":{"line":47,"column":40},"end":{"line":69,"column":3}},"line":47},"4":{"name":"(anonymous_4)","decl":{"start":{"line":72,"column":2},"end":{"line":72,"column":3}},"loc":{"start":{"line":72,"column":31},"end":{"line":94,"column":3}},"line":72},"5":{"name":"(anonymous_5)","decl":{"start":{"line":97,"column":2},"end":{"line":97,"column":3}},"loc":{"start":{"line":97,"column":17},"end":{"line":112,"column":3}},"line":97},"6":{"name":"(anonymous_6)","decl":{"start":{"line":115,"column":2},"end":{"line":115,"column":3}},"loc":{"start":{"line":115,"column":32},"end":{"line":136,"column":3}},"line":115},"7":{"name":"(anonymous_7)","decl":{"start":{"line":139,"column":2},"end":{"line":139,"column":3}},"loc":{"start":{"line":139,"column":25},"end":{"line":146,"column":3}},"line":139},"8":{"name":"(anonymous_8)","decl":{"start":{"line":149,"column":2},"end":{"line":149,"column":3}},"loc":{"start":{"line":149,"column":24},"end":{"line":172,"column":3}},"line":149},"9":{"name":"(anonymous_9)","decl":{"start":{"line":175,"column":2},"end":{"line":175,"column":3}},"loc":{"start":{"line":175,"column":19},"end":{"line":177,"column":3}},"line":175},"10":{"name":"(anonymous_10)","decl":{"start":{"line":180,"column":2},"end":{"line":180,"column":3}},"loc":{"start":{"line":180,"column":20},"end":{"line":182,"column":3}},"line":180},"11":{"name":"(anonymous_11)","decl":{"start":{"line":184,"column":2},"end":{"line":184,"column":3}},"loc":{"start":{"line":184,"column":17},"end":{"line":186,"column":3}},"line":184}},"branchMap":{"0":{"loc":{"start":{"line":22,"column":6},"end":{"line":26,"column":7}},"type":"if","locations":[{"start":{"line":22,"column":6},"end":{"line":26,"column":7}},{"start":{},"end":{}}],"line":22},"1":{"loc":{"start":{"line":36,"column":4},"end":{"line":43,"column":5}},"type":"if","locations":[{"start":{"line":36,"column":4},"end":{"line":43,"column":5}},{"start":{},"end":{}}],"line":36},"2":{"loc":{"start":{"line":37,"column":6},"end":{"line":39,"column":7}},"type":"if","locations":[{"start":{"line":37,"column":6},"end":{"line":39,"column":7}},{"start":{},"end":{}}],"line":37},"3":{"loc":{"start":{"line":40,"column":6},"end":{"line":42,"column":7}},"type":"if","locations":[{"start":{"line":40,"column":6},"end":{"line":42,"column":7}},{"start":{},"end":{}}],"line":40},"4":{"loc":{"start":{"line":57,"column":6},"end":{"line":60,"column":7}},"type":"if","locations":[{"start":{"line":57,"column":6},"end":{"line":60,"column":7}},{"start":{},"end":{}}],"line":57},"5":{"loc":{"start":{"line":59,"column":24},"end":{"line":59,"column":60}},"type":"binary-expr","locations":[{"start":{"line":59,"column":24},"end":{"line":59,"column":35}},{"start":{"line":59,"column":39},"end":{"line":59,"column":60}}],"line":59},"6":{"loc":{"start":{"line":82,"column":6},"end":{"line":85,"column":7}},"type":"if","locations":[{"start":{"line":82,"column":6},"end":{"line":85,"column":7}},{"start":{},"end":{}}],"line":82},"7":{"loc":{"start":{"line":84,"column":24},"end":{"line":84,"column":53}},"type":"binary-expr","locations":[{"start":{"line":84,"column":24},"end":{"line":84,"column":35}},{"start":{"line":84,"column":39},"end":{"line":84,"column":53}}],"line":84},"8":{"loc":{"start":{"line":99,"column":6},"end":{"line":106,"column":7}},"type":"if","locations":[{"start":{"line":99,"column":6},"end":{"line":106,"column":7}},{"start":{},"end":{}}],"line":99},"9":{"loc":{"start":{"line":128,"column":4},"end":{"line":132,"column":5}},"type":"if","locations":[{"start":{"line":128,"column":4},"end":{"line":132,"column":5}},{"start":{},"end":{}}],"line":128},"10":{"loc":{"start":{"line":150,"column":4},"end":{"line":150,"column":38}},"type":"if","locations":[{"start":{"line":150,"column":4},"end":{"line":150,"column":38}},{"start":{},"end":{}}],"line":150},"11":{"loc":{"start":{"line":159,"column":6},"end":{"line":162,"column":7}},"type":"if","locations":[{"start":{"line":159,"column":6},"end":{"line":162,"column":7}},{"start":{},"end":{}}],"line":159},"12":{"loc":{"start":{"line":181,"column":11},"end":{"line":181,"column":49}},"type":"binary-expr","locations":[{"start":{"line":181,"column":11},"end":{"line":181,"column":27}},{"start":{"line":181,"column":31},"end":{"line":181,"column":49}}],"line":181}},"s":{"0":10,"1":10,"2":10,"3":10,"4":10,"5":2,"6":2,"7":1,"8":1,"9":1,"10":1,"11":1,"12":1,"13":0,"14":2,"15":1,"16":1,"17":1,"18":1,"19":1,"20":2,"21":2,"22":2,"23":1,"24":1,"25":1,"26":1,"27":0,"28":2,"29":2,"30":2,"31":2,"32":2,"33":1,"34":1,"35":1,"36":1,"37":0,"38":2,"39":2,"40":2,"41":2,"42":2,"43":1,"44":2,"45":2,"46":2,"47":2,"48":2,"49":2,"50":2,"51":2,"52":2,"53":0,"54":3,"55":3,"56":3,"57":3,"58":2,"59":0,"60":2,"61":2,"62":2,"63":1,"64":1,"65":1,"66":1,"67":1,"68":0,"69":0,"70":0,"71":1,"72":9,"73":1,"74":10},"f":{"0":10,"1":2,"2":1,"3":2,"4":2,"5":2,"6":2,"7":3,"8":2,"9":1,"10":9,"11":1},"b":{"0":[1,0],"1":[1,0],"2":[1,0],"3":[1,0],"4":[1,1],"5":[1,0],"6":[1,1],"7":[1,0],"8":[2,0],"9":[2,0],"10":[0,2],"11":[1,1],"12":[9,2]},"_coverageSchema":"1a1c01bbd47fc00a2c39e90264f33305004495a9","hash":"b39f885e546cc64b62f694376159b5be2b93198e"}
,"C:\\DevTools\\subib\\src\\background.js": {"path":"C:\\DevTools\\subib\\src\\background.js","statementMap":{"0":{"start":{"line":4,"column":29},"end":{"line":4,"column":62}},"1":{"start":{"line":5,"column":30},"end":{"line":5,"column":44}},"2":{"start":{"line":8,"column":28},"end":{"line":8,"column":33}},"3":{"start":{"line":9,"column":21},"end":{"line":9,"column":30}},"4":{"start":{"line":10,"column":18},"end":{"line":10,"column":22}},"5":{"start":{"line":11,"column":21},"end":{"line":11,"column":30}},"6":{"start":{"line":14,"column":0},"end":{"line":17,"column":3}},"7":{"start":{"line":15,"column":2},"end":{"line":15,"column":64}},"8":{"start":{"line":16,"column":2},"end":{"line":16,"column":31}},"9":{"start":{"line":21,"column":2},"end":{"line":31,"column":4}},"10":{"start":{"line":34,"column":20},"end":{"line":34,"column":39}},"11":{"start":{"line":35,"column":2},"end":{"line":51,"column":3}},"12":{"start":{"line":36,"column":4},"end":{"line":36,"column":32}},"13":{"start":{"line":37,"column":18},"end":{"line":37,"column":50}},"14":{"start":{"line":38,"column":4},"end":{"line":38,"column":46}},"15":{"start":{"line":38,"column":15},"end":{"line":38,"column":46}},"16":{"start":{"line":39,"column":9},"end":{"line":51,"column":3}},"17":{"start":{"line":40,"column":4},"end":{"line":40,"column":33}},"18":{"start":{"line":41,"column":18},"end":{"line":41,"column":51}},"19":{"start":{"line":42,"column":4},"end":{"line":42,"column":46}},"20":{"start":{"line":42,"column":15},"end":{"line":42,"column":46}},"21":{"start":{"line":43,"column":9},"end":{"line":51,"column":3}},"22":{"start":{"line":44,"column":4},"end":{"line":44,"column":32}},"23":{"start":{"line":45,"column":18},"end":{"line":45,"column":51}},"24":{"start":{"line":46,"column":4},"end":{"line":46,"column":46}},"25":{"start":{"line":46,"column":15},"end":{"line":46,"column":46}},"26":{"start":{"line":47,"column":9},"end":{"line":51,"column":3}},"27":{"start":{"line":48,"column":4},"end":{"line":48,"column":30}},"28":{"start":{"line":49,"column":18},"end":{"line":49,"column":48}},"29":{"start":{"line":50,"column":4},"end":{"line":50,"column":46}},"30":{"start":{"line":50,"column":15},"end":{"line":50,"column":46}},"31":{"start":{"line":54,"column":2},"end":{"line":54,"column":85}},"32":{"start":{"line":57,"column":2},"end":{"line":60,"column":3}},"33":{"start":{"line":59,"column":4},"end":{"line":59,"column":43}},"34":{"start":{"line":63,"column":2},"end":{"line":63,"column":58}},"35":{"start":{"line":65,"column":2},"end":{"line":65,"column":21}},"36":{"start":{"line":70,"column":52},"end":{"line":70,"column":59}},"37":{"start":{"line":73,"column":2},"end":{"line":83,"column":3}},"38":{"start":{"line":74,"column":17},"end":{"line":74,"column":44}},"39":{"start":{"line":77,"column":4},"end":{"line":79,"column":5}},"40":{"start":{"line":78,"column":6},"end":{"line":78,"column":26}},"41":{"start":{"line":82,"column":4},"end":{"line":82,"column":69}},"42":{"start":{"line":86,"column":15},"end":{"line":90,"column":3}},"43":{"start":{"line":93,"column":2},"end":{"line":116,"column":5}},"44":{"start":{"line":95,"column":22},"end":{"line":100,"column":15}},"45":{"start":{"line":96,"column":6},"end":{"line":99,"column":7}},"46":{"start":{"line":97,"column":8},"end":{"line":97,"column":39}},"47":{"start":{"line":98,"column":8},"end":{"line":98,"column":81}},"48":{"start":{"line":102,"column":4},"end":{"line":115,"column":5}},"49":{"start":{"line":104,"column":21},"end":{"line":104,"column":38}},"50":{"start":{"line":105,"column":6},"end":{"line":105,"column":30}},"51":{"start":{"line":106,"column":6},"end":{"line":106,"column":22}},"52":{"start":{"line":108,"column":6},"end":{"line":108,"column":30}},"53":{"start":{"line":109,"column":6},"end":{"line":109,"column":20}},"54":{"start":{"line":112,"column":6},"end":{"line":114,"column":7}},"55":{"start":{"line":113,"column":8},"end":{"line":113,"column":39}},"56":{"start":{"line":119,"column":2},"end":{"line":119,"column":36}},"57":{"start":{"line":121,"column":2},"end":{"line":121,"column":22}},"58":{"start":{"line":126,"column":2},"end":{"line":131,"column":3}},"59":{"start":{"line":127,"column":14},"end":{"line":127,"column":26}},"60":{"start":{"line":128,"column":4},"end":{"line":128,"column":22}},"61":{"start":{"line":130,"column":4},"end":{"line":130,"column":16}},"62":{"start":{"line":136,"column":2},"end":{"line":136,"column":30}},"63":{"start":{"line":141,"column":2},"end":{"line":141,"column":44}},"64":{"start":{"line":141,"column":31},"end":{"line":141,"column":44}},"65":{"start":{"line":144,"column":15},"end":{"line":144,"column":40}},"66":{"start":{"line":145,"column":2},"end":{"line":145,"column":92}},"67":{"start":{"line":145,"column":50},"end":{"line":145,"column":90}},"68":{"start":{"line":150,"column":14},"end":{"line":150,"column":42}},"69":{"start":{"line":151,"column":2},"end":{"line":159,"column":3}},"70":{"start":{"line":152,"column":16},"end":{"line":152,"column":26}},"71":{"start":{"line":153,"column":4},"end":{"line":153,"column":75}},"72":{"start":{"line":154,"column":4},"end":{"line":154,"column":65}},"73":{"start":{"line":157,"column":20},"end":{"line":157,"column":43}},"74":{"start":{"line":158,"column":4},"end":{"line":158,"column":38}},"75":{"start":{"line":164,"column":14},"end":{"line":164,"column":42}},"76":{"start":{"line":165,"column":2},"end":{"line":186,"column":3}},"77":{"start":{"line":166,"column":20},"end":{"line":166,"column":43}},"78":{"start":{"line":167,"column":20},"end":{"line":167,"column":30}},"79":{"start":{"line":168,"column":21},"end":{"line":168,"column":48}},"80":{"start":{"line":169,"column":4},"end":{"line":169,"column":31}},"81":{"start":{"line":172,"column":19},"end":{"line":172,"column":74}},"82":{"start":{"line":173,"column":17},"end":{"line":173,"column":48}},"83":{"start":{"line":176,"column":4},"end":{"line":182,"column":7}},"84":{"start":{"line":184,"column":4},"end":{"line":184,"column":66}},"85":{"start":{"line":185,"column":4},"end":{"line":185,"column":88}},"86":{"start":{"line":191,"column":2},"end":{"line":196,"column":12}},"87":{"start":{"line":192,"column":17},"end":{"line":192,"column":69}},"88":{"start":{"line":193,"column":4},"end":{"line":195,"column":5}},"89":{"start":{"line":194,"column":6},"end":{"line":194,"column":32}},"90":{"start":{"line":197,"column":2},"end":{"line":197,"column":23}},"91":{"start":{"line":202,"column":14},"end":{"line":202,"column":24}},"92":{"start":{"line":203,"column":2},"end":{"line":209,"column":3}},"93":{"start":{"line":204,"column":4},"end":{"line":208,"column":5}},"94":{"start":{"line":205,"column":33},"end":{"line":205,"column":47}},"95":{"start":{"line":206,"column":20},"end":{"line":206,"column":42}},"96":{"start":{"line":207,"column":6},"end":{"line":207,"column":32}},"97":{"start":{"line":213,"column":0},"end":{"line":221,"column":3}},"98":{"start":{"line":214,"column":2},"end":{"line":214,"column":37}},"99":{"start":{"line":214,"column":30},"end":{"line":214,"column":37}},"100":{"start":{"line":215,"column":2},"end":{"line":220,"column":3}},"101":{"start":{"line":216,"column":19},"end":{"line":216,"column":44}},"102":{"start":{"line":217,"column":4},"end":{"line":219,"column":5}},"103":{"start":{"line":218,"column":6},"end":{"line":218,"column":34}},"104":{"start":{"line":224,"column":0},"end":{"line":233,"column":3}},"105":{"start":{"line":225,"column":2},"end":{"line":225,"column":37}},"106":{"start":{"line":225,"column":30},"end":{"line":225,"column":37}},"107":{"start":{"line":227,"column":2},"end":{"line":232,"column":3}},"108":{"start":{"line":228,"column":4},"end":{"line":231,"column":5}},"109":{"start":{"line":229,"column":21},"end":{"line":229,"column":38}},"110":{"start":{"line":230,"column":6},"end":{"line":230,"column":32}},"111":{"start":{"line":237,"column":2},"end":{"line":242,"column":5}},"112":{"start":{"line":247,"column":2},"end":{"line":251,"column":5}},"113":{"start":{"line":248,"column":17},"end":{"line":248,"column":45}},"114":{"start":{"line":249,"column":4},"end":{"line":249,"column":65}},"115":{"start":{"line":250,"column":4},"end":{"line":250,"column":59}},"116":{"start":{"line":255,"column":0},"end":{"line":272,"column":3}},"117":{"start":{"line":256,"column":2},"end":{"line":256,"column":37}},"118":{"start":{"line":256,"column":30},"end":{"line":256,"column":37}},"119":{"start":{"line":257,"column":2},"end":{"line":271,"column":3}},"120":{"start":{"line":258,"column":19},"end":{"line":258,"column":62}},"121":{"start":{"line":260,"column":4},"end":{"line":266,"column":5}},"122":{"start":{"line":261,"column":6},"end":{"line":265,"column":7}},"123":{"start":{"line":262,"column":27},"end":{"line":262,"column":41}},"124":{"start":{"line":263,"column":22},"end":{"line":263,"column":44}},"125":{"start":{"line":264,"column":8},"end":{"line":264,"column":34}},"126":{"start":{"line":268,"column":4},"end":{"line":268,"column":47}},"127":{"start":{"line":270,"column":4},"end":{"line":270,"column":75}},"128":{"start":{"line":275,"column":0},"end":{"line":279,"column":18}},"129":{"start":{"line":276,"column":2},"end":{"line":278,"column":3}},"130":{"start":{"line":277,"column":4},"end":{"line":277,"column":28}},"131":{"start":{"line":282,"column":23},"end":{"line":282,"column":28}},"132":{"start":{"line":283,"column":25},"end":{"line":283,"column":30}},"133":{"start":{"line":284,"column":24},"end":{"line":284,"column":26}},"134":{"start":{"line":285,"column":23},"end":{"line":285,"column":25}},"135":{"start":{"line":286,"column":28},"end":{"line":286,"column":30}},"136":{"start":{"line":290,"column":2},"end":{"line":290,"column":61}},"137":{"start":{"line":290,"column":48},"end":{"line":290,"column":61}},"138":{"start":{"line":291,"column":2},"end":{"line":325,"column":3}},"139":{"start":{"line":292,"column":21},"end":{"line":292,"column":42}},"140":{"start":{"line":294,"column":4},"end":{"line":321,"column":7}},"141":{"start":{"line":296,"column":6},"end":{"line":299,"column":7}},"142":{"start":{"line":297,"column":27},"end":{"line":297,"column":46}},"143":{"start":{"line":298,"column":8},"end":{"line":298,"column":78}},"144":{"start":{"line":302,"column":6},"end":{"line":304,"column":7}},"145":{"start":{"line":303,"column":8},"end":{"line":303,"column":20}},"146":{"start":{"line":307,"column":6},"end":{"line":309,"column":7}},"147":{"start":{"line":308,"column":8},"end":{"line":308,"column":20}},"148":{"start":{"line":312,"column":26},"end":{"line":312,"column":43}},"149":{"start":{"line":313,"column":6},"end":{"line":318,"column":7}},"150":{"start":{"line":314,"column":29},"end":{"line":314,"column":59}},"151":{"start":{"line":315,"column":8},"end":{"line":317,"column":9}},"152":{"start":{"line":316,"column":10},"end":{"line":316,"column":22}},"153":{"start":{"line":320,"column":6},"end":{"line":320,"column":19}},"154":{"start":{"line":323,"column":4},"end":{"line":323,"column":52}},"155":{"start":{"line":324,"column":4},"end":{"line":324,"column":17}},"156":{"start":{"line":330,"column":2},"end":{"line":330,"column":42}},"157":{"start":{"line":330,"column":35},"end":{"line":330,"column":42}},"158":{"start":{"line":331,"column":2},"end":{"line":333,"column":3}},"159":{"start":{"line":332,"column":4},"end":{"line":332,"column":50}},"160":{"start":{"line":334,"column":2},"end":{"line":336,"column":3}},"161":{"start":{"line":335,"column":4},"end":{"line":335,"column":49}},"162":{"start":{"line":337,"column":2},"end":{"line":339,"column":3}},"163":{"start":{"line":338,"column":4},"end":{"line":338,"column":32}},"164":{"start":{"line":344,"column":2},"end":{"line":344,"column":30}},"165":{"start":{"line":344,"column":23},"end":{"line":344,"column":30}},"166":{"start":{"line":345,"column":2},"end":{"line":347,"column":3}},"167":{"start":{"line":346,"column":4},"end":{"line":346,"column":51}},"168":{"start":{"line":348,"column":2},"end":{"line":350,"column":3}},"169":{"start":{"line":349,"column":4},"end":{"line":349,"column":50}},"170":{"start":{"line":356,"column":2},"end":{"line":364,"column":5}},"171":{"start":{"line":357,"column":4},"end":{"line":363,"column":7}},"172":{"start":{"line":358,"column":6},"end":{"line":362,"column":7}},"173":{"start":{"line":359,"column":8},"end":{"line":361,"column":9}},"174":{"start":{"line":360,"column":10},"end":{"line":360,"column":55}},"175":{"start":{"line":369,"column":2},"end":{"line":377,"column":5}},"176":{"start":{"line":370,"column":4},"end":{"line":376,"column":7}},"177":{"start":{"line":371,"column":6},"end":{"line":375,"column":7}},"178":{"start":{"line":372,"column":8},"end":{"line":374,"column":9}},"179":{"start":{"line":373,"column":10},"end":{"line":373,"column":56}},"180":{"start":{"line":382,"column":2},"end":{"line":386,"column":5}},"181":{"start":{"line":383,"column":4},"end":{"line":383,"column":137}},"182":{"start":{"line":383,"column":96},"end":{"line":383,"column":104}},"183":{"start":{"line":383,"column":118},"end":{"line":383,"column":130}},"184":{"start":{"line":384,"column":4},"end":{"line":384,"column":53}},"185":{"start":{"line":385,"column":4},"end":{"line":385,"column":149}},"186":{"start":{"line":385,"column":108},"end":{"line":385,"column":116}},"187":{"start":{"line":385,"column":130},"end":{"line":385,"column":142}},"188":{"start":{"line":391,"column":2},"end":{"line":401,"column":5}},"189":{"start":{"line":392,"column":4},"end":{"line":400,"column":7}},"190":{"start":{"line":393,"column":6},"end":{"line":399,"column":7}},"191":{"start":{"line":394,"column":8},"end":{"line":398,"column":9}},"192":{"start":{"line":395,"column":10},"end":{"line":395,"column":37}},"193":{"start":{"line":397,"column":10},"end":{"line":397,"column":38}},"194":{"start":{"line":405,"column":0},"end":{"line":425,"column":3}},"195":{"start":{"line":406,"column":2},"end":{"line":424,"column":3}},"196":{"start":{"line":408,"column":4},"end":{"line":423,"column":7}},"197":{"start":{"line":409,"column":6},"end":{"line":422,"column":7}},"198":{"start":{"line":410,"column":8},"end":{"line":410,"column":35}},"199":{"start":{"line":411,"column":13},"end":{"line":422,"column":7}},"200":{"start":{"line":413,"column":8},"end":{"line":413,"column":63}},"201":{"start":{"line":414,"column":8},"end":{"line":414,"column":33}},"202":{"start":{"line":417,"column":8},"end":{"line":421,"column":11}},"203":{"start":{"line":428,"column":0},"end":{"line":484,"column":3}},"204":{"start":{"line":429,"column":2},"end":{"line":483,"column":3}},"205":{"start":{"line":430,"column":4},"end":{"line":449,"column":5}},"206":{"start":{"line":431,"column":6},"end":{"line":431,"column":59}},"207":{"start":{"line":433,"column":6},"end":{"line":448,"column":9}},"208":{"start":{"line":434,"column":8},"end":{"line":447,"column":9}},"209":{"start":{"line":435,"column":10},"end":{"line":435,"column":37}},"210":{"start":{"line":438,"column":10},"end":{"line":438,"column":65}},"211":{"start":{"line":439,"column":10},"end":{"line":439,"column":35}},"212":{"start":{"line":442,"column":10},"end":{"line":446,"column":13}},"213":{"start":{"line":450,"column":4},"end":{"line":473,"column":5}},"214":{"start":{"line":451,"column":6},"end":{"line":451,"column":63}},"215":{"start":{"line":452,"column":6},"end":{"line":472,"column":7}},"216":{"start":{"line":454,"column":8},"end":{"line":469,"column":11}},"217":{"start":{"line":455,"column":10},"end":{"line":468,"column":11}},"218":{"start":{"line":456,"column":12},"end":{"line":456,"column":37}},"219":{"start":{"line":459,"column":12},"end":{"line":459,"column":69}},"220":{"start":{"line":460,"column":12},"end":{"line":460,"column":39}},"221":{"start":{"line":463,"column":12},"end":{"line":467,"column":15}},"222":{"start":{"line":471,"column":8},"end":{"line":471,"column":34}},"223":{"start":{"line":474,"column":4},"end":{"line":482,"column":5}},"224":{"start":{"line":475,"column":6},"end":{"line":475,"column":33}},"225":{"start":{"line":476,"column":6},"end":{"line":478,"column":7}},"226":{"start":{"line":477,"column":8},"end":{"line":477,"column":35}},"227":{"start":{"line":479,"column":6},"end":{"line":481,"column":7}},"228":{"start":{"line":480,"column":8},"end":{"line":480,"column":33}},"229":{"start":{"line":487,"column":0},"end":{"line":497,"column":3}},"230":{"start":{"line":488,"column":2},"end":{"line":488,"column":54}},"231":{"start":{"line":489,"column":2},"end":{"line":489,"column":58}},"232":{"start":{"line":490,"column":2},"end":{"line":490,"column":29}},"233":{"start":{"line":491,"column":2},"end":{"line":493,"column":3}},"234":{"start":{"line":492,"column":4},"end":{"line":492,"column":31}},"235":{"start":{"line":494,"column":2},"end":{"line":496,"column":3}},"236":{"start":{"line":495,"column":4},"end":{"line":495,"column":29}},"237":{"start":{"line":500,"column":0},"end":{"line":549,"column":3}},"238":{"start":{"line":501,"column":2},"end":{"line":547,"column":3}},"239":{"start":{"line":502,"column":4},"end":{"line":502,"column":44}},"240":{"start":{"line":503,"column":4},"end":{"line":511,"column":5}},"241":{"start":{"line":505,"column":6},"end":{"line":509,"column":7}},"242":{"start":{"line":506,"column":35},"end":{"line":506,"column":49}},"243":{"start":{"line":507,"column":22},"end":{"line":507,"column":44}},"244":{"start":{"line":508,"column":8},"end":{"line":508,"column":34}},"245":{"start":{"line":510,"column":6},"end":{"line":510,"column":29}},"246":{"start":{"line":512,"column":4},"end":{"line":512,"column":36}},"247":{"start":{"line":513,"column":9},"end":{"line":547,"column":3}},"248":{"start":{"line":514,"column":4},"end":{"line":523,"column":7}},"249":{"start":{"line":515,"column":6},"end":{"line":522,"column":7}},"250":{"start":{"line":516,"column":8},"end":{"line":516,"column":81}},"251":{"start":{"line":517,"column":8},"end":{"line":517,"column":83}},"252":{"start":{"line":520,"column":8},"end":{"line":520,"column":31}},"253":{"start":{"line":521,"column":8},"end":{"line":521,"column":40}},"254":{"start":{"line":524,"column":4},"end":{"line":524,"column":16}},"255":{"start":{"line":525,"column":9},"end":{"line":547,"column":3}},"256":{"start":{"line":526,"column":4},"end":{"line":533,"column":9}},"257":{"start":{"line":528,"column":8},"end":{"line":528,"column":30}},"258":{"start":{"line":531,"column":8},"end":{"line":531,"column":63}},"259":{"start":{"line":532,"column":8},"end":{"line":532,"column":63}},"260":{"start":{"line":534,"column":4},"end":{"line":534,"column":16}},"261":{"start":{"line":535,"column":9},"end":{"line":547,"column":3}},"262":{"start":{"line":536,"column":4},"end":{"line":536,"column":50}},"263":{"start":{"line":537,"column":9},"end":{"line":547,"column":3}},"264":{"start":{"line":538,"column":4},"end":{"line":540,"column":62}},"265":{"start":{"line":540,"column":22},"end":{"line":540,"column":60}},"266":{"start":{"line":541,"column":4},"end":{"line":541,"column":16}},"267":{"start":{"line":542,"column":9},"end":{"line":547,"column":3}},"268":{"start":{"line":543,"column":4},"end":{"line":545,"column":62}},"269":{"start":{"line":545,"column":22},"end":{"line":545,"column":60}},"270":{"start":{"line":546,"column":4},"end":{"line":546,"column":16}},"271":{"start":{"line":548,"column":2},"end":{"line":548,"column":14}},"272":{"start":{"line":553,"column":2},"end":{"line":573,"column":5}},"273":{"start":{"line":554,"column":20},"end":{"line":554,"column":22}},"274":{"start":{"line":557,"column":20},"end":{"line":561,"column":6}},"275":{"start":{"line":558,"column":6},"end":{"line":560,"column":9}},"276":{"start":{"line":559,"column":8},"end":{"line":559,"column":25}},"277":{"start":{"line":564,"column":27},"end":{"line":564,"column":61}},"278":{"start":{"line":565,"column":4},"end":{"line":565,"column":106}},"279":{"start":{"line":568,"column":4},"end":{"line":570,"column":5}},"280":{"start":{"line":569,"column":6},"end":{"line":569,"column":120}},"281":{"start":{"line":572,"column":4},"end":{"line":572,"column":19}},"282":{"start":{"line":578,"column":2},"end":{"line":657,"column":3}},"283":{"start":{"line":579,"column":4},"end":{"line":622,"column":5}},"284":{"start":{"line":581,"column":6},"end":{"line":581,"column":40}},"285":{"start":{"line":583,"column":6},"end":{"line":610,"column":9}},"286":{"start":{"line":584,"column":25},"end":{"line":584,"column":55}},"287":{"start":{"line":585,"column":73},"end":{"line":585,"column":81}},"288":{"start":{"line":588,"column":21},"end":{"line":588,"column":49}},"289":{"start":{"line":591,"column":8},"end":{"line":609,"column":9}},"290":{"start":{"line":592,"column":22},"end":{"line":592,"column":38}},"291":{"start":{"line":593,"column":25},"end":{"line":593,"column":37}},"292":{"start":{"line":596,"column":10},"end":{"line":598,"column":11}},"293":{"start":{"line":597,"column":12},"end":{"line":597,"column":64}},"294":{"start":{"line":601,"column":10},"end":{"line":603,"column":11}},"295":{"start":{"line":602,"column":12},"end":{"line":602,"column":63}},"296":{"start":{"line":606,"column":10},"end":{"line":608,"column":11}},"297":{"start":{"line":607,"column":12},"end":{"line":607,"column":51}},"298":{"start":{"line":613,"column":6},"end":{"line":613,"column":41}},"299":{"start":{"line":615,"column":19},"end":{"line":615,"column":47}},"300":{"start":{"line":616,"column":6},"end":{"line":621,"column":7}},"301":{"start":{"line":617,"column":8},"end":{"line":620,"column":11}},"302":{"start":{"line":623,"column":9},"end":{"line":657,"column":3}},"303":{"start":{"line":624,"column":4},"end":{"line":656,"column":5}},"304":{"start":{"line":626,"column":6},"end":{"line":626,"column":42}},"305":{"start":{"line":628,"column":6},"end":{"line":647,"column":9}},"306":{"start":{"line":629,"column":25},"end":{"line":629,"column":57}},"307":{"start":{"line":630,"column":37},"end":{"line":630,"column":45}},"308":{"start":{"line":633,"column":21},"end":{"line":633,"column":49}},"309":{"start":{"line":636,"column":8},"end":{"line":643,"column":9}},"310":{"start":{"line":637,"column":22},"end":{"line":637,"column":38}},"311":{"start":{"line":638,"column":25},"end":{"line":638,"column":37}},"312":{"start":{"line":640,"column":10},"end":{"line":642,"column":11}},"313":{"start":{"line":641,"column":12},"end":{"line":641,"column":63}},"314":{"start":{"line":646,"column":8},"end":{"line":646,"column":47}},"315":{"start":{"line":650,"column":6},"end":{"line":650,"column":43}},"316":{"start":{"line":652,"column":19},"end":{"line":652,"column":47}},"317":{"start":{"line":653,"column":6},"end":{"line":655,"column":7}},"318":{"start":{"line":654,"column":8},"end":{"line":654,"column":60}},"319":{"start":{"line":661,"column":0},"end":{"line":670,"column":3}},"320":{"start":{"line":662,"column":2},"end":{"line":665,"column":3}},"321":{"start":{"line":663,"column":4},"end":{"line":663,"column":72}},"322":{"start":{"line":664,"column":4},"end":{"line":664,"column":62}},"323":{"start":{"line":666,"column":2},"end":{"line":669,"column":3}},"324":{"start":{"line":667,"column":4},"end":{"line":667,"column":76}},"325":{"start":{"line":668,"column":4},"end":{"line":668,"column":66}},"326":{"start":{"line":673,"column":20},"end":{"line":673,"column":22}},"327":{"start":{"line":676,"column":0},"end":{"line":678,"column":3}},"328":{"start":{"line":677,"column":2},"end":{"line":677,"column":45}},"329":{"start":{"line":681,"column":0},"end":{"line":686,"column":3}},"330":{"start":{"line":682,"column":2},"end":{"line":685,"column":3}},"331":{"start":{"line":683,"column":4},"end":{"line":683,"column":36}},"332":{"start":{"line":684,"column":4},"end":{"line":684,"column":36}},"333":{"start":{"line":689,"column":0},"end":{"line":721,"column":3}},"334":{"start":{"line":690,"column":2},"end":{"line":720,"column":3}},"335":{"start":{"line":691,"column":16},"end":{"line":691,"column":32}},"336":{"start":{"line":692,"column":19},"end":{"line":692,"column":31}},"337":{"start":{"line":695,"column":28},"end":{"line":703,"column":6}},"338":{"start":{"line":696,"column":6},"end":{"line":702,"column":9}},"339":{"start":{"line":697,"column":8},"end":{"line":700,"column":9}},"340":{"start":{"line":698,"column":29},"end":{"line":698,"column":45}},"341":{"start":{"line":699,"column":10},"end":{"line":699,"column":45}},"342":{"start":{"line":701,"column":8},"end":{"line":701,"column":34}},"343":{"start":{"line":706,"column":4},"end":{"line":719,"column":5}},"344":{"start":{"line":707,"column":6},"end":{"line":718,"column":9}},"345":{"start":{"line":708,"column":8},"end":{"line":717,"column":9}},"346":{"start":{"line":709,"column":10},"end":{"line":714,"column":13}},"347":{"start":{"line":713,"column":12},"end":{"line":713,"column":77}},"348":{"start":{"line":716,"column":10},"end":{"line":716,"column":73}},"349":{"start":{"line":725,"column":2},"end":{"line":747,"column":3}},"350":{"start":{"line":726,"column":4},"end":{"line":744,"column":5}},"351":{"start":{"line":728,"column":24},"end":{"line":730,"column":10}},"352":{"start":{"line":731,"column":8},"end":{"line":731,"column":34}},"353":{"start":{"line":732,"column":8},"end":{"line":732,"column":14}},"354":{"start":{"line":735,"column":8},"end":{"line":738,"column":11}},"355":{"start":{"line":739,"column":8},"end":{"line":739,"column":40}},"356":{"start":{"line":740,"column":8},"end":{"line":740,"column":14}},"357":{"start":{"line":743,"column":8},"end":{"line":743,"column":56}},"358":{"start":{"line":746,"column":4},"end":{"line":746,"column":43}},"359":{"start":{"line":752,"column":2},"end":{"line":757,"column":3}},"360":{"start":{"line":753,"column":19},"end":{"line":753,"column":44}},"361":{"start":{"line":754,"column":4},"end":{"line":756,"column":5}},"362":{"start":{"line":755,"column":6},"end":{"line":755,"column":34}},"363":{"start":{"line":763,"column":2},"end":{"line":768,"column":3}},"364":{"start":{"line":764,"column":4},"end":{"line":767,"column":5}},"365":{"start":{"line":765,"column":21},"end":{"line":765,"column":38}},"366":{"start":{"line":766,"column":6},"end":{"line":766,"column":32}},"367":{"start":{"line":773,"column":2},"end":{"line":777,"column":5}},"368":{"start":{"line":775,"column":4},"end":{"line":775,"column":42}},"369":{"start":{"line":776,"column":4},"end":{"line":776,"column":18}},"370":{"start":{"line":782,"column":2},"end":{"line":786,"column":5}},"371":{"start":{"line":784,"column":4},"end":{"line":784,"column":43}},"372":{"start":{"line":785,"column":4},"end":{"line":785,"column":18}},"373":{"start":{"line":791,"column":2},"end":{"line":800,"column":3}},"374":{"start":{"line":792,"column":4},"end":{"line":795,"column":7}},"375":{"start":{"line":796,"column":4},"end":{"line":796,"column":29}},"376":{"start":{"line":798,"column":4},"end":{"line":798,"column":53}},"377":{"start":{"line":799,"column":4},"end":{"line":799,"column":47}},"378":{"start":{"line":805,"column":2},"end":{"line":818,"column":3}},"379":{"start":{"line":806,"column":17},"end":{"line":806,"column":80}},"380":{"start":{"line":807,"column":4},"end":{"line":809,"column":5}},"381":{"start":{"line":808,"column":6},"end":{"line":808,"column":45}},"382":{"start":{"line":811,"column":16},"end":{"line":811,"column":36}},"383":{"start":{"line":812,"column":20},"end":{"line":812,"column":74}},"384":{"start":{"line":814,"column":4},"end":{"line":814,"column":23}},"385":{"start":{"line":816,"column":4},"end":{"line":816,"column":51}},"386":{"start":{"line":817,"column":4},"end":{"line":817,"column":45}},"387":{"start":{"line":823,"column":2},"end":{"line":823,"column":44}},"388":{"start":{"line":827,"column":2},"end":{"line":831,"column":3}},"389":{"start":{"line":828,"column":4},"end":{"line":828,"column":45}},"390":{"start":{"line":830,"column":4},"end":{"line":830,"column":14}},"391":{"start":{"line":836,"column":2},"end":{"line":836,"column":50}},"392":{"start":{"line":840,"column":2},"end":{"line":853,"column":3}},"393":{"start":{"line":841,"column":4},"end":{"line":843,"column":5}},"394":{"start":{"line":842,"column":6},"end":{"line":842,"column":41}},"395":{"start":{"line":844,"column":20},"end":{"line":844,"column":60}},"396":{"start":{"line":845,"column":4},"end":{"line":850,"column":5}},"397":{"start":{"line":846,"column":6},"end":{"line":849,"column":9}},"398":{"start":{"line":852,"column":4},"end":{"line":852,"column":16}},"399":{"start":{"line":858,"column":2},"end":{"line":860,"column":5}},"400":{"start":{"line":864,"column":2},"end":{"line":864,"column":40}},"401":{"start":{"line":868,"column":2},"end":{"line":868,"column":26}},"402":{"start":{"line":869,"column":2},"end":{"line":869,"column":50}},"403":{"start":{"line":873,"column":2},"end":{"line":875,"column":3}},"404":{"start":{"line":874,"column":4},"end":{"line":874,"column":27}},"405":{"start":{"line":880,"column":15},"end":{"line":880,"column":78}},"406":{"start":{"line":881,"column":2},"end":{"line":881,"column":17}},"407":{"start":{"line":885,"column":2},"end":{"line":889,"column":3}},"408":{"start":{"line":886,"column":4},"end":{"line":886,"column":51}},"409":{"start":{"line":888,"column":4},"end":{"line":888,"column":38}},"410":{"start":{"line":894,"column":19},"end":{"line":894,"column":38}},"411":{"start":{"line":895,"column":2},"end":{"line":907,"column":3}},"412":{"start":{"line":896,"column":22},"end":{"line":896,"column":46}},"413":{"start":{"line":897,"column":20},"end":{"line":897,"column":52}},"414":{"start":{"line":899,"column":4},"end":{"line":906,"column":5}},"415":{"start":{"line":900,"column":6},"end":{"line":905,"column":7}},"416":{"start":{"line":901,"column":8},"end":{"line":904,"column":11}},"417":{"start":{"line":911,"column":20},"end":{"line":911,"column":30}},"418":{"start":{"line":912,"column":31},"end":{"line":912,"column":77}},"419":{"start":{"line":914,"column":2},"end":{"line":914,"column":50}},"420":{"start":{"line":915,"column":2},"end":{"line":915,"column":38}},"421":{"start":{"line":917,"column":2},"end":{"line":917,"column":51}},"422":{"start":{"line":923,"column":2},"end":{"line":940,"column":5}},"423":{"start":{"line":924,"column":4},"end":{"line":924,"column":66}},"424":{"start":{"line":925,"column":4},"end":{"line":925,"column":33}},"425":{"start":{"line":928,"column":4},"end":{"line":928,"column":57}},"426":{"start":{"line":929,"column":4},"end":{"line":929,"column":56}},"427":{"start":{"line":930,"column":4},"end":{"line":930,"column":56}},"428":{"start":{"line":931,"column":4},"end":{"line":936,"column":7}},"429":{"start":{"line":933,"column":6},"end":{"line":935,"column":7}},"430":{"start":{"line":934,"column":8},"end":{"line":934,"column":71}},"431":{"start":{"line":939,"column":4},"end":{"line":939,"column":31}},"432":{"start":{"line":943,"column":0},"end":{"line":943,"column":13}}},"fnMap":{"0":{"name":"(anonymous_0)","decl":{"start":{"line":14,"column":58},"end":{"line":14,"column":59}},"loc":{"start":{"line":14,"column":68},"end":{"line":17,"column":1}},"line":14},"1":{"name":"detectBrowserCompatibility","decl":{"start":{"line":20,"column":9},"end":{"line":20,"column":35}},"loc":{"start":{"line":20,"column":38},"end":{"line":66,"column":1}},"line":20},"2":{"name":"withLock","decl":{"start":{"line":69,"column":15},"end":{"line":69,"column":23}},"loc":{"start":{"line":69,"column":58},"end":{"line":122,"column":1}},"line":69},"3":{"name":"(anonymous_3)","decl":{"start":{"line":93,"column":29},"end":{"line":93,"column":30}},"loc":{"start":{"line":93,"column":56},"end":{"line":116,"column":3}},"line":93},"4":{"name":"(anonymous_4)","decl":{"start":{"line":95,"column":33},"end":{"line":95,"column":34}},"loc":{"start":{"line":95,"column":39},"end":{"line":100,"column":5}},"line":95},"5":{"name":"getDomainFromUrl","decl":{"start":{"line":125,"column":9},"end":{"line":125,"column":25}},"loc":{"start":{"line":125,"column":31},"end":{"line":132,"column":1}},"line":125},"6":{"name":"getSessionKey","decl":{"start":{"line":135,"column":9},"end":{"line":135,"column":22}},"loc":{"start":{"line":135,"column":38},"end":{"line":137,"column":1}},"line":135},"7":{"name":"isKeySessionCookie","decl":{"start":{"line":140,"column":9},"end":{"line":140,"column":27}},"loc":{"start":{"line":140,"column":36},"end":{"line":146,"column":1}},"line":140},"8":{"name":"(anonymous_8)","decl":{"start":{"line":145,"column":35},"end":{"line":145,"column":36}},"loc":{"start":{"line":145,"column":50},"end":{"line":145,"column":90}},"line":145},"9":{"name":"startSession","decl":{"start":{"line":149,"column":9},"end":{"line":149,"column":21}},"loc":{"start":{"line":149,"column":37},"end":{"line":160,"column":1}},"line":149},"10":{"name":"endSession","decl":{"start":{"line":163,"column":15},"end":{"line":163,"column":25}},"loc":{"start":{"line":163,"column":41},"end":{"line":187,"column":1}},"line":163},"11":{"name":"getFaviconUrl","decl":{"start":{"line":190,"column":15},"end":{"line":190,"column":28}},"loc":{"start":{"line":190,"column":37},"end":{"line":198,"column":1}},"line":190},"12":{"name":"checkInactiveSessions","decl":{"start":{"line":201,"column":9},"end":{"line":201,"column":30}},"loc":{"start":{"line":201,"column":33},"end":{"line":210,"column":1}},"line":201},"13":{"name":"(anonymous_13)","decl":{"start":{"line":213,"column":35},"end":{"line":213,"column":36}},"loc":{"start":{"line":213,"column":63},"end":{"line":221,"column":1}},"line":213},"14":{"name":"(anonymous_14)","decl":{"start":{"line":224,"column":35},"end":{"line":224,"column":36}},"loc":{"start":{"line":224,"column":58},"end":{"line":233,"column":1}},"line":224},"15":{"name":"notifySessionCookieRisk","decl":{"start":{"line":236,"column":9},"end":{"line":236,"column":32}},"loc":{"start":{"line":236,"column":41},"end":{"line":243,"column":1}},"line":236},"16":{"name":"logSessionCookieEvent","decl":{"start":{"line":246,"column":9},"end":{"line":246,"column":30}},"loc":{"start":{"line":246,"column":38},"end":{"line":252,"column":1}},"line":246},"17":{"name":"(anonymous_17)","decl":{"start":{"line":247,"column":49},"end":{"line":247,"column":50}},"loc":{"start":{"line":247,"column":59},"end":{"line":251,"column":3}},"line":247},"18":{"name":"(anonymous_18)","decl":{"start":{"line":255,"column":38},"end":{"line":255,"column":39}},"loc":{"start":{"line":255,"column":60},"end":{"line":272,"column":1}},"line":255},"19":{"name":"(anonymous_19)","decl":{"start":{"line":275,"column":12},"end":{"line":275,"column":13}},"loc":{"start":{"line":275,"column":18},"end":{"line":279,"column":1}},"line":275},"20":{"name":"urlMatchesDomains","decl":{"start":{"line":289,"column":9},"end":{"line":289,"column":26}},"loc":{"start":{"line":289,"column":41},"end":{"line":326,"column":1}},"line":289},"21":{"name":"(anonymous_21)","decl":{"start":{"line":294,"column":24},"end":{"line":294,"column":25}},"loc":{"start":{"line":294,"column":34},"end":{"line":321,"column":5}},"line":294},"22":{"name":"applyFocusModeActions","decl":{"start":{"line":329,"column":9},"end":{"line":329,"column":30}},"loc":{"start":{"line":329,"column":36},"end":{"line":340,"column":1}},"line":329},"23":{"name":"removeFocusModeActions","decl":{"start":{"line":343,"column":9},"end":{"line":343,"column":31}},"loc":{"start":{"line":343,"column":37},"end":{"line":352,"column":1}},"line":343},"24":{"name":"applyMeetingModeMuting","decl":{"start":{"line":355,"column":9},"end":{"line":355,"column":31}},"loc":{"start":{"line":355,"column":34},"end":{"line":365,"column":1}},"line":355},"25":{"name":"(anonymous_25)","decl":{"start":{"line":356,"column":25},"end":{"line":356,"column":26}},"loc":{"start":{"line":356,"column":35},"end":{"line":364,"column":3}},"line":356},"26":{"name":"(anonymous_26)","decl":{"start":{"line":357,"column":17},"end":{"line":357,"column":18}},"loc":{"start":{"line":357,"column":24},"end":{"line":363,"column":5}},"line":357},"27":{"name":"removeMeetingModeMuting","decl":{"start":{"line":368,"column":9},"end":{"line":368,"column":32}},"loc":{"start":{"line":368,"column":35},"end":{"line":378,"column":1}},"line":368},"28":{"name":"(anonymous_28)","decl":{"start":{"line":369,"column":25},"end":{"line":369,"column":26}},"loc":{"start":{"line":369,"column":35},"end":{"line":377,"column":3}},"line":369},"29":{"name":"(anonymous_29)","decl":{"start":{"line":370,"column":17},"end":{"line":370,"column":18}},"loc":{"start":{"line":370,"column":24},"end":{"line":376,"column":5}},"line":370},"30":{"name":"loadProductivitySettings","decl":{"start":{"line":381,"column":9},"end":{"line":381,"column":33}},"loc":{"start":{"line":381,"column":36},"end":{"line":387,"column":1}},"line":381},"31":{"name":"(anonymous_31)","decl":{"start":{"line":382,"column":96},"end":{"line":382,"column":97}},"loc":{"start":{"line":382,"column":108},"end":{"line":386,"column":3}},"line":382},"32":{"name":"(anonymous_32)","decl":{"start":{"line":383,"column":91},"end":{"line":383,"column":92}},"loc":{"start":{"line":383,"column":96},"end":{"line":383,"column":104}},"line":383},"33":{"name":"(anonymous_33)","decl":{"start":{"line":383,"column":113},"end":{"line":383,"column":114}},"loc":{"start":{"line":383,"column":118},"end":{"line":383,"column":130}},"line":383},"34":{"name":"(anonymous_34)","decl":{"start":{"line":385,"column":103},"end":{"line":385,"column":104}},"loc":{"start":{"line":385,"column":108},"end":{"line":385,"column":116}},"line":385},"35":{"name":"(anonymous_35)","decl":{"start":{"line":385,"column":125},"end":{"line":385,"column":126}},"loc":{"start":{"line":385,"column":130},"end":{"line":385,"column":142}},"line":385},"36":{"name":"updateFocusModeOnAllTabs","decl":{"start":{"line":390,"column":9},"end":{"line":390,"column":33}},"loc":{"start":{"line":390,"column":36},"end":{"line":402,"column":1}},"line":390},"37":{"name":"(anonymous_37)","decl":{"start":{"line":391,"column":25},"end":{"line":391,"column":26}},"loc":{"start":{"line":391,"column":35},"end":{"line":401,"column":3}},"line":391},"38":{"name":"(anonymous_38)","decl":{"start":{"line":392,"column":17},"end":{"line":392,"column":18}},"loc":{"start":{"line":392,"column":24},"end":{"line":400,"column":5}},"line":392},"39":{"name":"(anonymous_39)","decl":{"start":{"line":405,"column":35},"end":{"line":405,"column":36}},"loc":{"start":{"line":405,"column":63},"end":{"line":425,"column":1}},"line":405},"40":{"name":"(anonymous_40)","decl":{"start":{"line":408,"column":60},"end":{"line":408,"column":61}},"loc":{"start":{"line":408,"column":79},"end":{"line":423,"column":5}},"line":408},"41":{"name":"(anonymous_41)","decl":{"start":{"line":428,"column":38},"end":{"line":428,"column":39}},"loc":{"start":{"line":428,"column":57},"end":{"line":484,"column":1}},"line":428},"42":{"name":"(anonymous_42)","decl":{"start":{"line":433,"column":62},"end":{"line":433,"column":63}},"loc":{"start":{"line":433,"column":81},"end":{"line":448,"column":7}},"line":433},"43":{"name":"(anonymous_43)","decl":{"start":{"line":454,"column":64},"end":{"line":454,"column":65}},"loc":{"start":{"line":454,"column":83},"end":{"line":469,"column":9}},"line":454},"44":{"name":"(anonymous_44)","decl":{"start":{"line":487,"column":70},"end":{"line":487,"column":71}},"loc":{"start":{"line":487,"column":82},"end":{"line":497,"column":1}},"line":487},"45":{"name":"(anonymous_45)","decl":{"start":{"line":500,"column":38},"end":{"line":500,"column":39}},"loc":{"start":{"line":500,"column":73},"end":{"line":549,"column":1}},"line":500},"46":{"name":"(anonymous_46)","decl":{"start":{"line":514,"column":58},"end":{"line":514,"column":59}},"loc":{"start":{"line":514,"column":64},"end":{"line":523,"column":5}},"line":514},"47":{"name":"(anonymous_47)","decl":{"start":{"line":527,"column":12},"end":{"line":527,"column":13}},"loc":{"start":{"line":527,"column":23},"end":{"line":529,"column":7}},"line":527},"48":{"name":"(anonymous_48)","decl":{"start":{"line":530,"column":13},"end":{"line":530,"column":14}},"loc":{"start":{"line":530,"column":22},"end":{"line":533,"column":7}},"line":530},"49":{"name":"(anonymous_49)","decl":{"start":{"line":540,"column":13},"end":{"line":540,"column":14}},"loc":{"start":{"line":540,"column":22},"end":{"line":540,"column":60}},"line":540},"50":{"name":"(anonymous_50)","decl":{"start":{"line":545,"column":13},"end":{"line":545,"column":14}},"loc":{"start":{"line":545,"column":22},"end":{"line":545,"column":60}},"line":545},"51":{"name":"testCookieProtection","decl":{"start":{"line":552,"column":15},"end":{"line":552,"column":35}},"loc":{"start":{"line":552,"column":38},"end":{"line":574,"column":1}},"line":552},"52":{"name":"(anonymous_52)","decl":{"start":{"line":553,"column":50},"end":{"line":553,"column":51}},"loc":{"start":{"line":553,"column":62},"end":{"line":573,"column":3}},"line":553},"53":{"name":"(anonymous_53)","decl":{"start":{"line":557,"column":38},"end":{"line":557,"column":39}},"loc":{"start":{"line":557,"column":51},"end":{"line":561,"column":5}},"line":557},"54":{"name":"(anonymous_54)","decl":{"start":{"line":558,"column":33},"end":{"line":558,"column":34}},"loc":{"start":{"line":558,"column":46},"end":{"line":560,"column":7}},"line":558},"55":{"name":"handleModeChange","decl":{"start":{"line":577,"column":15},"end":{"line":577,"column":31}},"loc":{"start":{"line":577,"column":45},"end":{"line":658,"column":1}},"line":577},"56":{"name":"(anonymous_56)","decl":{"start":{"line":583,"column":55},"end":{"line":583,"column":56}},"loc":{"start":{"line":583,"column":73},"end":{"line":610,"column":7}},"line":583},"57":{"name":"(anonymous_57)","decl":{"start":{"line":628,"column":57},"end":{"line":628,"column":58}},"loc":{"start":{"line":628,"column":75},"end":{"line":647,"column":7}},"line":628},"58":{"name":"(anonymous_58)","decl":{"start":{"line":661,"column":38},"end":{"line":661,"column":39}},"loc":{"start":{"line":661,"column":62},"end":{"line":670,"column":1}},"line":661},"59":{"name":"(anonymous_59)","decl":{"start":{"line":676,"column":45},"end":{"line":676,"column":46}},"loc":{"start":{"line":676,"column":57},"end":{"line":678,"column":1}},"line":676},"60":{"name":"(anonymous_60)","decl":{"start":{"line":681,"column":38},"end":{"line":681,"column":39}},"loc":{"start":{"line":681,"column":73},"end":{"line":686,"column":1}},"line":681},"61":{"name":"(anonymous_61)","decl":{"start":{"line":689,"column":35},"end":{"line":689,"column":36}},"loc":{"start":{"line":689,"column":63},"end":{"line":721,"column":1}},"line":689},"62":{"name":"(anonymous_62)","decl":{"start":{"line":695,"column":49},"end":{"line":695,"column":50}},"loc":{"start":{"line":695,"column":59},"end":{"line":703,"column":5}},"line":695},"63":{"name":"(anonymous_63)","decl":{"start":{"line":696,"column":51},"end":{"line":696,"column":52}},"loc":{"start":{"line":696,"column":62},"end":{"line":702,"column":7}},"line":696},"64":{"name":"(anonymous_64)","decl":{"start":{"line":707,"column":30},"end":{"line":707,"column":31}},"loc":{"start":{"line":707,"column":40},"end":{"line":718,"column":7}},"line":707},"65":{"name":"(anonymous_65)","decl":{"start":{"line":712,"column":19},"end":{"line":712,"column":20}},"loc":{"start":{"line":712,"column":28},"end":{"line":714,"column":11}},"line":712},"66":{"name":"handleMessage","decl":{"start":{"line":724,"column":22},"end":{"line":724,"column":35}},"loc":{"start":{"line":724,"column":67},"end":{"line":748,"column":1}},"line":724},"67":{"name":"handleTabUpdate","decl":{"start":{"line":751,"column":16},"end":{"line":751,"column":31}},"loc":{"start":{"line":751,"column":56},"end":{"line":758,"column":1}},"line":751},"68":{"name":"handleTabRemove","decl":{"start":{"line":761,"column":16},"end":{"line":761,"column":31}},"loc":{"start":{"line":761,"column":39},"end":{"line":769,"column":1}},"line":761},"69":{"name":"handleCookieConsent","decl":{"start":{"line":772,"column":16},"end":{"line":772,"column":35}},"loc":{"start":{"line":772,"column":38},"end":{"line":778,"column":1}},"line":772},"70":{"name":"(anonymous_70)","decl":{"start":{"line":773,"column":21},"end":{"line":773,"column":22}},"loc":{"start":{"line":773,"column":34},"end":{"line":777,"column":3}},"line":773},"71":{"name":"handleCookieSettings","decl":{"start":{"line":781,"column":16},"end":{"line":781,"column":36}},"loc":{"start":{"line":781,"column":39},"end":{"line":787,"column":1}},"line":781},"72":{"name":"(anonymous_72)","decl":{"start":{"line":782,"column":21},"end":{"line":782,"column":22}},"loc":{"start":{"line":782,"column":34},"end":{"line":786,"column":3}},"line":782},"73":{"name":"handleCookieDeletion","decl":{"start":{"line":790,"column":15},"end":{"line":790,"column":35}},"loc":{"start":{"line":790,"column":44},"end":{"line":801,"column":1}},"line":790},"74":{"name":"getCurrentTabCookies","decl":{"start":{"line":804,"column":15},"end":{"line":804,"column":35}},"loc":{"start":{"line":804,"column":38},"end":{"line":819,"column":1}},"line":804},"75":{"name":"saveSettings","decl":{"start":{"line":822,"column":22},"end":{"line":822,"column":34}},"loc":{"start":{"line":822,"column":45},"end":{"line":824,"column":1}},"line":822},"76":{"name":"getSettings","decl":{"start":{"line":826,"column":22},"end":{"line":826,"column":33}},"loc":{"start":{"line":826,"column":36},"end":{"line":832,"column":1}},"line":826},"77":{"name":"getCookiesForDomain","decl":{"start":{"line":835,"column":22},"end":{"line":835,"column":41}},"loc":{"start":{"line":835,"column":50},"end":{"line":837,"column":1}},"line":835},"78":{"name":"deleteCookiesForDomain","decl":{"start":{"line":839,"column":22},"end":{"line":839,"column":44}},"loc":{"start":{"line":839,"column":53},"end":{"line":854,"column":1}},"line":839},"79":{"name":"scheduleCleanup","decl":{"start":{"line":857,"column":22},"end":{"line":857,"column":37}},"loc":{"start":{"line":857,"column":40},"end":{"line":861,"column":1}},"line":857},"80":{"name":"clearCleanupAlarm","decl":{"start":{"line":863,"column":22},"end":{"line":863,"column":39}},"loc":{"start":{"line":863,"column":42},"end":{"line":865,"column":1}},"line":863},"81":{"name":"initializeAlarms","decl":{"start":{"line":867,"column":22},"end":{"line":867,"column":38}},"loc":{"start":{"line":867,"column":41},"end":{"line":870,"column":1}},"line":867},"82":{"name":"handleAlarm","decl":{"start":{"line":872,"column":15},"end":{"line":872,"column":26}},"loc":{"start":{"line":872,"column":34},"end":{"line":876,"column":1}},"line":872},"83":{"name":"getActiveTab","decl":{"start":{"line":879,"column":22},"end":{"line":879,"column":34}},"loc":{"start":{"line":879,"column":37},"end":{"line":882,"column":1}},"line":879},"84":{"name":"sendMessageToTab","decl":{"start":{"line":884,"column":22},"end":{"line":884,"column":38}},"loc":{"start":{"line":884,"column":55},"end":{"line":890,"column":1}},"line":884},"85":{"name":"performCleanup","decl":{"start":{"line":893,"column":15},"end":{"line":893,"column":29}},"loc":{"start":{"line":893,"column":32},"end":{"line":908,"column":1}},"line":893},"86":{"name":"logTabActivity","decl":{"start":{"line":910,"column":15},"end":{"line":910,"column":29}},"loc":{"start":{"line":910,"column":38},"end":{"line":918,"column":1}},"line":910},"87":{"name":"initialize","decl":{"start":{"line":921,"column":9},"end":{"line":921,"column":19}},"loc":{"start":{"line":921,"column":22},"end":{"line":941,"column":1}},"line":921},"88":{"name":"(anonymous_88)","decl":{"start":{"line":923,"column":60},"end":{"line":923,"column":61}},"loc":{"start":{"line":923,"column":70},"end":{"line":940,"column":3}},"line":923},"89":{"name":"(anonymous_89)","decl":{"start":{"line":931,"column":42},"end":{"line":931,"column":43}},"loc":{"start":{"line":931,"column":61},"end":{"line":936,"column":5}},"line":931}},"branchMap":{"0":{"loc":{"start":{"line":15,"column":26},"end":{"line":15,"column":63}},"type":"binary-expr","locations":[{"start":{"line":15,"column":26},"end":{"line":15,"column":54}},{"start":{"line":15,"column":58},"end":{"line":15,"column":63}}],"line":15},"1":{"loc":{"start":{"line":35,"column":2},"end":{"line":51,"column":3}},"type":"if","locations":[{"start":{"line":35,"column":2},"end":{"line":51,"column":3}},{"start":{"line":39,"column":9},"end":{"line":51,"column":3}}],"line":35},"2":{"loc":{"start":{"line":38,"column":4},"end":{"line":38,"column":46}},"type":"if","locations":[{"start":{"line":38,"column":4},"end":{"line":38,"column":46}},{"start":{},"end":{}}],"line":38},"3":{"loc":{"start":{"line":39,"column":9},"end":{"line":51,"column":3}},"type":"if","locations":[{"start":{"line":39,"column":9},"end":{"line":51,"column":3}},{"start":{"line":43,"column":9},"end":{"line":51,"column":3}}],"line":39},"4":{"loc":{"start":{"line":42,"column":4},"end":{"line":42,"column":46}},"type":"if","locations":[{"start":{"line":42,"column":4},"end":{"line":42,"column":46}},{"start":{},"end":{}}],"line":42},"5":{"loc":{"start":{"line":43,"column":9},"end":{"line":51,"column":3}},"type":"if","locations":[{"start":{"line":43,"column":9},"end":{"line":51,"column":3}},{"start":{"line":47,"column":9},"end":{"line":51,"column":3}}],"line":43},"6":{"loc":{"start":{"line":46,"column":4},"end":{"line":46,"column":46}},"type":"if","locations":[{"start":{"line":46,"column":4},"end":{"line":46,"column":46}},{"start":{},"end":{}}],"line":46},"7":{"loc":{"start":{"line":47,"column":9},"end":{"line":51,"column":3}},"type":"if","locations":[{"start":{"line":47,"column":9},"end":{"line":51,"column":3}},{"start":{},"end":{}}],"line":47},"8":{"loc":{"start":{"line":50,"column":4},"end":{"line":50,"column":46}},"type":"if","locations":[{"start":{"line":50,"column":4},"end":{"line":50,"column":46}},{"start":{},"end":{}}],"line":50},"9":{"loc":{"start":{"line":57,"column":2},"end":{"line":60,"column":3}},"type":"if","locations":[{"start":{"line":57,"column":2},"end":{"line":60,"column":3}},{"start":{},"end":{}}],"line":57},"10":{"loc":{"start":{"line":69,"column":44},"end":{"line":69,"column":56}},"type":"default-arg","locations":[{"start":{"line":69,"column":54},"end":{"line":69,"column":56}}],"line":69},"11":{"loc":{"start":{"line":70,"column":10},"end":{"line":70,"column":25}},"type":"default-arg","locations":[{"start":{"line":70,"column":20},"end":{"line":70,"column":25}}],"line":70},"12":{"loc":{"start":{"line":70,"column":27},"end":{"line":70,"column":47}},"type":"default-arg","locations":[{"start":{"line":70,"column":42},"end":{"line":70,"column":47}}],"line":70},"13":{"loc":{"start":{"line":73,"column":2},"end":{"line":83,"column":3}},"type":"if","locations":[{"start":{"line":73,"column":2},"end":{"line":83,"column":3}},{"start":{},"end":{}}],"line":73},"14":{"loc":{"start":{"line":77,"column":4},"end":{"line":79,"column":5}},"type":"if","locations":[{"start":{"line":77,"column":4},"end":{"line":79,"column":5}},{"start":{},"end":{}}],"line":77},"15":{"loc":{"start":{"line":77,"column":8},"end":{"line":77,"column":47}},"type":"binary-expr","locations":[{"start":{"line":77,"column":8},"end":{"line":77,"column":20}},{"start":{"line":77,"column":24},"end":{"line":77,"column":47}}],"line":77},"16":{"loc":{"start":{"line":96,"column":6},"end":{"line":99,"column":7}},"type":"if","locations":[{"start":{"line":96,"column":6},"end":{"line":99,"column":7}},{"start":{},"end":{}}],"line":96},"17":{"loc":{"start":{"line":112,"column":6},"end":{"line":114,"column":7}},"type":"if","locations":[{"start":{"line":112,"column":6},"end":{"line":114,"column":7}},{"start":{},"end":{}}],"line":112},"18":{"loc":{"start":{"line":141,"column":2},"end":{"line":141,"column":44}},"type":"if","locations":[{"start":{"line":141,"column":2},"end":{"line":141,"column":44}},{"start":{},"end":{}}],"line":141},"19":{"loc":{"start":{"line":141,"column":6},"end":{"line":141,"column":29}},"type":"binary-expr","locations":[{"start":{"line":141,"column":6},"end":{"line":141,"column":13}},{"start":{"line":141,"column":17},"end":{"line":141,"column":29}}],"line":141},"20":{"loc":{"start":{"line":151,"column":2},"end":{"line":159,"column":3}},"type":"if","locations":[{"start":{"line":151,"column":2},"end":{"line":159,"column":3}},{"start":{"line":155,"column":9},"end":{"line":159,"column":3}}],"line":151},"21":{"loc":{"start":{"line":165,"column":2},"end":{"line":186,"column":3}},"type":"if","locations":[{"start":{"line":165,"column":2},"end":{"line":186,"column":3}},{"start":{},"end":{}}],"line":165},"22":{"loc":{"start":{"line":173,"column":17},"end":{"line":173,"column":48}},"type":"binary-expr","locations":[{"start":{"line":173,"column":17},"end":{"line":173,"column":42}},{"start":{"line":173,"column":46},"end":{"line":173,"column":48}}],"line":173},"23":{"loc":{"start":{"line":193,"column":4},"end":{"line":195,"column":5}},"type":"if","locations":[{"start":{"line":193,"column":4},"end":{"line":195,"column":5}},{"start":{},"end":{}}],"line":193},"24":{"loc":{"start":{"line":193,"column":8},"end":{"line":193,"column":45}},"type":"binary-expr","locations":[{"start":{"line":193,"column":8},"end":{"line":193,"column":23}},{"start":{"line":193,"column":27},"end":{"line":193,"column":45}}],"line":193},"25":{"loc":{"start":{"line":204,"column":4},"end":{"line":208,"column":5}},"type":"if","locations":[{"start":{"line":204,"column":4},"end":{"line":208,"column":5}},{"start":{},"end":{}}],"line":204},"26":{"loc":{"start":{"line":214,"column":2},"end":{"line":214,"column":37}},"type":"if","locations":[{"start":{"line":214,"column":2},"end":{"line":214,"column":37}},{"start":{},"end":{}}],"line":214},"27":{"loc":{"start":{"line":215,"column":2},"end":{"line":220,"column":3}},"type":"if","locations":[{"start":{"line":215,"column":2},"end":{"line":220,"column":3}},{"start":{},"end":{}}],"line":215},"28":{"loc":{"start":{"line":215,"column":6},"end":{"line":215,"column":49}},"type":"binary-expr","locations":[{"start":{"line":215,"column":6},"end":{"line":215,"column":38}},{"start":{"line":215,"column":42},"end":{"line":215,"column":49}}],"line":215},"29":{"loc":{"start":{"line":217,"column":4},"end":{"line":219,"column":5}},"type":"if","locations":[{"start":{"line":217,"column":4},"end":{"line":219,"column":5}},{"start":{},"end":{}}],"line":217},"30":{"loc":{"start":{"line":225,"column":2},"end":{"line":225,"column":37}},"type":"if","locations":[{"start":{"line":225,"column":2},"end":{"line":225,"column":37}},{"start":{},"end":{}}],"line":225},"31":{"loc":{"start":{"line":228,"column":4},"end":{"line":231,"column":5}},"type":"if","locations":[{"start":{"line":228,"column":4},"end":{"line":231,"column":5}},{"start":{},"end":{}}],"line":228},"32":{"loc":{"start":{"line":248,"column":17},"end":{"line":248,"column":45}},"type":"binary-expr","locations":[{"start":{"line":248,"column":17},"end":{"line":248,"column":39}},{"start":{"line":248,"column":43},"end":{"line":248,"column":45}}],"line":248},"33":{"loc":{"start":{"line":256,"column":2},"end":{"line":256,"column":37}},"type":"if","locations":[{"start":{"line":256,"column":2},"end":{"line":256,"column":37}},{"start":{},"end":{}}],"line":256},"34":{"loc":{"start":{"line":257,"column":2},"end":{"line":271,"column":3}},"type":"if","locations":[{"start":{"line":257,"column":2},"end":{"line":271,"column":3}},{"start":{},"end":{}}],"line":257},"35":{"loc":{"start":{"line":257,"column":6},"end":{"line":257,"column":65}},"type":"binary-expr","locations":[{"start":{"line":257,"column":6},"end":{"line":257,"column":24}},{"start":{"line":257,"column":28},"end":{"line":257,"column":65}}],"line":257},"36":{"loc":{"start":{"line":261,"column":6},"end":{"line":265,"column":7}},"type":"if","locations":[{"start":{"line":261,"column":6},"end":{"line":265,"column":7}},{"start":{},"end":{}}],"line":261},"37":{"loc":{"start":{"line":276,"column":2},"end":{"line":278,"column":3}},"type":"if","locations":[{"start":{"line":276,"column":2},"end":{"line":278,"column":3}},{"start":{},"end":{}}],"line":276},"38":{"loc":{"start":{"line":290,"column":2},"end":{"line":290,"column":61}},"type":"if","locations":[{"start":{"line":290,"column":2},"end":{"line":290,"column":61}},{"start":{},"end":{}}],"line":290},"39":{"loc":{"start":{"line":290,"column":6},"end":{"line":290,"column":46}},"type":"binary-expr","locations":[{"start":{"line":290,"column":6},"end":{"line":290,"column":10}},{"start":{"line":290,"column":14},"end":{"line":290,"column":22}},{"start":{"line":290,"column":26},"end":{"line":290,"column":46}}],"line":290},"40":{"loc":{"start":{"line":296,"column":6},"end":{"line":299,"column":7}},"type":"if","locations":[{"start":{"line":296,"column":6},"end":{"line":299,"column":7}},{"start":{},"end":{}}],"line":296},"41":{"loc":{"start":{"line":298,"column":15},"end":{"line":298,"column":77}},"type":"binary-expr","locations":[{"start":{"line":298,"column":15},"end":{"line":298,"column":38}},{"start":{"line":298,"column":42},"end":{"line":298,"column":77}}],"line":298},"42":{"loc":{"start":{"line":302,"column":6},"end":{"line":304,"column":7}},"type":"if","locations":[{"start":{"line":302,"column":6},"end":{"line":304,"column":7}},{"start":{},"end":{}}],"line":302},"43":{"loc":{"start":{"line":307,"column":6},"end":{"line":309,"column":7}},"type":"if","locations":[{"start":{"line":307,"column":6},"end":{"line":309,"column":7}},{"start":{},"end":{}}],"line":307},"44":{"loc":{"start":{"line":313,"column":6},"end":{"line":318,"column":7}},"type":"if","locations":[{"start":{"line":313,"column":6},"end":{"line":318,"column":7}},{"start":{},"end":{}}],"line":313},"45":{"loc":{"start":{"line":315,"column":8},"end":{"line":317,"column":9}},"type":"if","locations":[{"start":{"line":315,"column":8},"end":{"line":317,"column":9}},{"start":{},"end":{}}],"line":315},"46":{"loc":{"start":{"line":330,"column":2},"end":{"line":330,"column":42}},"type":"if","locations":[{"start":{"line":330,"column":2},"end":{"line":330,"column":42}},{"start":{},"end":{}}],"line":330},"47":{"loc":{"start":{"line":330,"column":6},"end":{"line":330,"column":33}},"type":"binary-expr","locations":[{"start":{"line":330,"column":6},"end":{"line":330,"column":10}},{"start":{"line":330,"column":14},"end":{"line":330,"column":21}},{"start":{"line":330,"column":25},"end":{"line":330,"column":33}}],"line":330},"48":{"loc":{"start":{"line":331,"column":2},"end":{"line":333,"column":3}},"type":"if","locations":[{"start":{"line":331,"column":2},"end":{"line":333,"column":3}},{"start":{},"end":{}}],"line":331},"49":{"loc":{"start":{"line":331,"column":6},"end":{"line":331,"column":53}},"type":"binary-expr","locations":[{"start":{"line":331,"column":6},"end":{"line":331,"column":38}},{"start":{"line":331,"column":42},"end":{"line":331,"column":53}}],"line":331},"50":{"loc":{"start":{"line":334,"column":2},"end":{"line":336,"column":3}},"type":"if","locations":[{"start":{"line":334,"column":2},"end":{"line":336,"column":3}},{"start":{},"end":{}}],"line":334},"51":{"loc":{"start":{"line":334,"column":6},"end":{"line":334,"column":63}},"type":"binary-expr","locations":[{"start":{"line":334,"column":6},"end":{"line":334,"column":39}},{"start":{"line":334,"column":43},"end":{"line":334,"column":63}}],"line":334},"52":{"loc":{"start":{"line":337,"column":2},"end":{"line":339,"column":3}},"type":"if","locations":[{"start":{"line":337,"column":2},"end":{"line":339,"column":3}},{"start":{},"end":{}}],"line":337},"53":{"loc":{"start":{"line":344,"column":2},"end":{"line":344,"column":30}},"type":"if","locations":[{"start":{"line":344,"column":2},"end":{"line":344,"column":30}},{"start":{},"end":{}}],"line":344},"54":{"loc":{"start":{"line":344,"column":6},"end":{"line":344,"column":21}},"type":"binary-expr","locations":[{"start":{"line":344,"column":6},"end":{"line":344,"column":10}},{"start":{"line":344,"column":14},"end":{"line":344,"column":21}}],"line":344},"55":{"loc":{"start":{"line":345,"column":2},"end":{"line":347,"column":3}},"type":"if","locations":[{"start":{"line":345,"column":2},"end":{"line":347,"column":3}},{"start":{},"end":{}}],"line":345},"56":{"loc":{"start":{"line":345,"column":6},"end":{"line":345,"column":52}},"type":"binary-expr","locations":[{"start":{"line":345,"column":6},"end":{"line":345,"column":38}},{"start":{"line":345,"column":42},"end":{"line":345,"column":52}}],"line":345},"57":{"loc":{"start":{"line":348,"column":2},"end":{"line":350,"column":3}},"type":"if","locations":[{"start":{"line":348,"column":2},"end":{"line":350,"column":3}},{"start":{},"end":{}}],"line":348},"58":{"loc":{"start":{"line":348,"column":6},"end":{"line":348,"column":62}},"type":"binary-expr","locations":[{"start":{"line":348,"column":6},"end":{"line":348,"column":39}},{"start":{"line":348,"column":43},"end":{"line":348,"column":62}}],"line":348},"59":{"loc":{"start":{"line":358,"column":6},"end":{"line":362,"column":7}},"type":"if","locations":[{"start":{"line":358,"column":6},"end":{"line":362,"column":7}},{"start":{},"end":{}}],"line":358},"60":{"loc":{"start":{"line":359,"column":8},"end":{"line":361,"column":9}},"type":"if","locations":[{"start":{"line":359,"column":8},"end":{"line":361,"column":9}},{"start":{},"end":{}}],"line":359},"61":{"loc":{"start":{"line":371,"column":6},"end":{"line":375,"column":7}},"type":"if","locations":[{"start":{"line":371,"column":6},"end":{"line":375,"column":7}},{"start":{},"end":{}}],"line":371},"62":{"loc":{"start":{"line":372,"column":8},"end":{"line":374,"column":9}},"type":"if","locations":[{"start":{"line":372,"column":8},"end":{"line":374,"column":9}},{"start":{},"end":{}}],"line":372},"63":{"loc":{"start":{"line":383,"column":24},"end":{"line":383,"column":136}},"type":"cond-expr","locations":[{"start":{"line":383,"column":51},"end":{"line":383,"column":131}},{"start":{"line":383,"column":134},"end":{"line":383,"column":136}}],"line":383},"64":{"loc":{"start":{"line":384,"column":23},"end":{"line":384,"column":52}},"type":"binary-expr","locations":[{"start":{"line":384,"column":23},"end":{"line":384,"column":46}},{"start":{"line":384,"column":50},"end":{"line":384,"column":52}}],"line":384},"65":{"loc":{"start":{"line":385,"column":28},"end":{"line":385,"column":148}},"type":"cond-expr","locations":[{"start":{"line":385,"column":59},"end":{"line":385,"column":143}},{"start":{"line":385,"column":146},"end":{"line":385,"column":148}}],"line":385},"66":{"loc":{"start":{"line":393,"column":6},"end":{"line":399,"column":7}},"type":"if","locations":[{"start":{"line":393,"column":6},"end":{"line":399,"column":7}},{"start":{},"end":{}}],"line":393},"67":{"loc":{"start":{"line":394,"column":8},"end":{"line":398,"column":9}},"type":"if","locations":[{"start":{"line":394,"column":8},"end":{"line":398,"column":9}},{"start":{"line":396,"column":15},"end":{"line":398,"column":9}}],"line":394},"68":{"loc":{"start":{"line":406,"column":2},"end":{"line":424,"column":3}},"type":"if","locations":[{"start":{"line":406,"column":2},"end":{"line":424,"column":3}},{"start":{},"end":{}}],"line":406},"69":{"loc":{"start":{"line":406,"column":6},"end":{"line":406,"column":69}},"type":"binary-expr","locations":[{"start":{"line":406,"column":6},"end":{"line":406,"column":38}},{"start":{"line":406,"column":42},"end":{"line":406,"column":49}},{"start":{"line":406,"column":53},"end":{"line":406,"column":69}}],"line":406},"70":{"loc":{"start":{"line":409,"column":6},"end":{"line":422,"column":7}},"type":"if","locations":[{"start":{"line":409,"column":6},"end":{"line":422,"column":7}},{"start":{"line":411,"column":13},"end":{"line":422,"column":7}}],"line":409},"71":{"loc":{"start":{"line":409,"column":10},"end":{"line":409,"column":72}},"type":"binary-expr","locations":[{"start":{"line":409,"column":10},"end":{"line":409,"column":23}},{"start":{"line":409,"column":27},"end":{"line":409,"column":72}}],"line":409},"72":{"loc":{"start":{"line":411,"column":13},"end":{"line":422,"column":7}},"type":"if","locations":[{"start":{"line":411,"column":13},"end":{"line":422,"column":7}},{"start":{},"end":{}}],"line":411},"73":{"loc":{"start":{"line":429,"column":2},"end":{"line":483,"column":3}},"type":"if","locations":[{"start":{"line":429,"column":2},"end":{"line":483,"column":3}},{"start":{},"end":{}}],"line":429},"74":{"loc":{"start":{"line":430,"column":4},"end":{"line":449,"column":5}},"type":"if","locations":[{"start":{"line":430,"column":4},"end":{"line":449,"column":5}},{"start":{},"end":{}}],"line":430},"75":{"loc":{"start":{"line":434,"column":8},"end":{"line":447,"column":9}},"type":"if","locations":[{"start":{"line":434,"column":8},"end":{"line":447,"column":9}},{"start":{"line":436,"column":15},"end":{"line":447,"column":9}}],"line":434},"76":{"loc":{"start":{"line":450,"column":4},"end":{"line":473,"column":5}},"type":"if","locations":[{"start":{"line":450,"column":4},"end":{"line":473,"column":5}},{"start":{},"end":{}}],"line":450},"77":{"loc":{"start":{"line":452,"column":6},"end":{"line":472,"column":7}},"type":"if","locations":[{"start":{"line":452,"column":6},"end":{"line":472,"column":7}},{"start":{"line":470,"column":13},"end":{"line":472,"column":7}}],"line":452},"78":{"loc":{"start":{"line":455,"column":10},"end":{"line":468,"column":11}},"type":"if","locations":[{"start":{"line":455,"column":10},"end":{"line":468,"column":11}},{"start":{"line":457,"column":17},"end":{"line":468,"column":11}}],"line":455},"79":{"loc":{"start":{"line":474,"column":4},"end":{"line":482,"column":5}},"type":"if","locations":[{"start":{"line":474,"column":4},"end":{"line":482,"column":5}},{"start":{},"end":{}}],"line":474},"80":{"loc":{"start":{"line":474,"column":8},"end":{"line":474,"column":94}},"type":"binary-expr","locations":[{"start":{"line":474,"column":8},"end":{"line":474,"column":33}},{"start":{"line":474,"column":37},"end":{"line":474,"column":61}},{"start":{"line":474,"column":65},"end":{"line":474,"column":94}}],"line":474},"81":{"loc":{"start":{"line":476,"column":6},"end":{"line":478,"column":7}},"type":"if","locations":[{"start":{"line":476,"column":6},"end":{"line":478,"column":7}},{"start":{},"end":{}}],"line":476},"82":{"loc":{"start":{"line":479,"column":6},"end":{"line":481,"column":7}},"type":"if","locations":[{"start":{"line":479,"column":6},"end":{"line":481,"column":7}},{"start":{},"end":{}}],"line":479},"83":{"loc":{"start":{"line":488,"column":21},"end":{"line":488,"column":53}},"type":"binary-expr","locations":[{"start":{"line":488,"column":21},"end":{"line":488,"column":44}},{"start":{"line":488,"column":48},"end":{"line":488,"column":53}}],"line":488},"84":{"loc":{"start":{"line":489,"column":23},"end":{"line":489,"column":57}},"type":"binary-expr","locations":[{"start":{"line":489,"column":23},"end":{"line":489,"column":48}},{"start":{"line":489,"column":52},"end":{"line":489,"column":57}}],"line":489},"85":{"loc":{"start":{"line":491,"column":2},"end":{"line":493,"column":3}},"type":"if","locations":[{"start":{"line":491,"column":2},"end":{"line":493,"column":3}},{"start":{},"end":{}}],"line":491},"86":{"loc":{"start":{"line":494,"column":2},"end":{"line":496,"column":3}},"type":"if","locations":[{"start":{"line":494,"column":2},"end":{"line":496,"column":3}},{"start":{},"end":{}}],"line":494},"87":{"loc":{"start":{"line":501,"column":2},"end":{"line":547,"column":3}},"type":"if","locations":[{"start":{"line":501,"column":2},"end":{"line":547,"column":3}},{"start":{"line":513,"column":9},"end":{"line":547,"column":3}}],"line":501},"88":{"loc":{"start":{"line":503,"column":4},"end":{"line":511,"column":5}},"type":"if","locations":[{"start":{"line":503,"column":4},"end":{"line":511,"column":5}},{"start":{},"end":{}}],"line":503},"89":{"loc":{"start":{"line":513,"column":9},"end":{"line":547,"column":3}},"type":"if","locations":[{"start":{"line":513,"column":9},"end":{"line":547,"column":3}},{"start":{"line":525,"column":9},"end":{"line":547,"column":3}}],"line":513},"90":{"loc":{"start":{"line":515,"column":6},"end":{"line":522,"column":7}},"type":"if","locations":[{"start":{"line":515,"column":6},"end":{"line":522,"column":7}},{"start":{"line":518,"column":13},"end":{"line":522,"column":7}}],"line":515},"91":{"loc":{"start":{"line":525,"column":9},"end":{"line":547,"column":3}},"type":"if","locations":[{"start":{"line":525,"column":9},"end":{"line":547,"column":3}},{"start":{"line":535,"column":9},"end":{"line":547,"column":3}}],"line":525},"92":{"loc":{"start":{"line":535,"column":9},"end":{"line":547,"column":3}},"type":"if","locations":[{"start":{"line":535,"column":9},"end":{"line":547,"column":3}},{"start":{"line":537,"column":9},"end":{"line":547,"column":3}}],"line":535},"93":{"loc":{"start":{"line":537,"column":9},"end":{"line":547,"column":3}},"type":"if","locations":[{"start":{"line":537,"column":9},"end":{"line":547,"column":3}},{"start":{"line":542,"column":9},"end":{"line":547,"column":3}}],"line":537},"94":{"loc":{"start":{"line":542,"column":9},"end":{"line":547,"column":3}},"type":"if","locations":[{"start":{"line":542,"column":9},"end":{"line":547,"column":3}},{"start":{},"end":{}}],"line":542},"95":{"loc":{"start":{"line":568,"column":4},"end":{"line":570,"column":5}},"type":"if","locations":[{"start":{"line":568,"column":4},"end":{"line":570,"column":5}},{"start":{},"end":{}}],"line":568},"96":{"loc":{"start":{"line":568,"column":8},"end":{"line":568,"column":47}},"type":"binary-expr","locations":[{"start":{"line":568,"column":8},"end":{"line":568,"column
[...]
e":146,"column":22},"end":{"line":146,"column":36}},"loc":{"start":{"line":146,"column":39},"end":{"line":158,"column":1}},"line":146},"10":{"name":"(anonymous_10)","decl":{"start":{"line":148,"column":37},"end":{"line":148,"column":38}},"loc":{"start":{"line":148,"column":54},"end":{"line":157,"column":3}},"line":148}},"branchMap":{"0":{"loc":{"start":{"line":28,"column":2},"end":{"line":28,"column":54}},"type":"if","locations":[{"start":{"line":28,"column":2},"end":{"line":28,"column":54}},{"start":{},"end":{}}],"line":28},"1":{"loc":{"start":{"line":28,"column":6},"end":{"line":28,"column":39}},"type":"binary-expr","locations":[{"start":{"line":28,"column":6},"end":{"line":28,"column":11}},{"start":{"line":28,"column":15},"end":{"line":28,"column":39}}],"line":28},"2":{"loc":{"start":{"line":29,"column":2},"end":{"line":29,"column":60}},"type":"if","locations":[{"start":{"line":29,"column":2},"end":{"line":29,"column":60}},{"start":{},"end":{}}],"line":29},"3":{"loc":{"start":{"line":29,"column":6},"end":{"line":29,"column":45}},"type":"binary-expr","locations":[{"start":{"line":29,"column":6},"end":{"line":29,"column":14}},{"start":{"line":29,"column":18},"end":{"line":29,"column":45}}],"line":29},"4":{"loc":{"start":{"line":30,"column":2},"end":{"line":30,"column":66}},"type":"if","locations":[{"start":{"line":30,"column":2},"end":{"line":30,"column":66}},{"start":{},"end":{}}],"line":30},"5":{"loc":{"start":{"line":30,"column":6},"end":{"line":30,"column":51}},"type":"binary-expr","locations":[{"start":{"line":30,"column":6},"end":{"line":30,"column":17}},{"start":{"line":30,"column":21},"end":{"line":30,"column":51}}],"line":30},"6":{"loc":{"start":{"line":39,"column":15},"end":{"line":39,"column":43}},"type":"binary-expr","locations":[{"start":{"line":39,"column":15},"end":{"line":39,"column":29}},{"start":{"line":39,"column":33},"end":{"line":39,"column":43}}],"line":39},"7":{"loc":{"start":{"line":49,"column":4},"end":{"line":51,"column":5}},"type":"if","locations":[{"start":{"line":49,"column":4},"end":{"line":51,"column":5}},{"start":{},"end":{}}],"line":49},"8":{"loc":{"start":{"line":64,"column":4},"end":{"line":66,"column":5}},"type":"if","locations":[{"start":{"line":64,"column":4},"end":{"line":66,"column":5}},{"start":{},"end":{}}],"line":64},"9":{"loc":{"start":{"line":70,"column":4},"end":{"line":72,"column":5}},"type":"if","locations":[{"start":{"line":70,"column":4},"end":{"line":72,"column":5}},{"start":{},"end":{}}],"line":70},"10":{"loc":{"start":{"line":73,"column":4},"end":{"line":75,"column":5}},"type":"if","locations":[{"start":{"line":73,"column":4},"end":{"line":75,"column":5}},{"start":{},"end":{}}],"line":73},"11":{"loc":{"start":{"line":89,"column":4},"end":{"line":91,"column":5}},"type":"if","locations":[{"start":{"line":89,"column":4},"end":{"line":91,"column":5}},{"start":{},"end":{}}],"line":89},"12":{"loc":{"start":{"line":94,"column":4},"end":{"line":96,"column":5}},"type":"if","locations":[{"start":{"line":94,"column":4},"end":{"line":96,"column":5}},{"start":{},"end":{}}],"line":94},"13":{"loc":{"start":{"line":94,"column":8},"end":{"line":94,"column":28}},"type":"binary-expr","locations":[{"start":{"line":94,"column":8},"end":{"line":94,"column":13}},{"start":{"line":94,"column":17},"end":{"line":94,"column":28}}],"line":94},"14":{"loc":{"start":{"line":103,"column":4},"end":{"line":105,"column":5}},"type":"if","locations":[{"start":{"line":103,"column":4},"end":{"line":105,"column":5}},{"start":{},"end":{}}],"line":103},"15":{"loc":{"start":{"line":106,"column":4},"end":{"line":108,"column":5}},"type":"if","locations":[{"start":{"line":106,"column":4},"end":{"line":108,"column":5}},{"start":{},"end":{}}],"line":106},"16":{"loc":{"start":{"line":109,"column":4},"end":{"line":111,"column":5}},"type":"if","locations":[{"start":{"line":109,"column":4},"end":{"line":111,"column":5}},{"start":{},"end":{}}],"line":109},"17":{"loc":{"start":{"line":123,"column":4},"end":{"line":129,"column":5}},"type":"if","locations":[{"start":{"line":123,"column":4},"end":{"line":129,"column":5}},{"start":{"line":125,"column":11},"end":{"line":129,"column":5}}],"line":123},"18":{"loc":{"start":{"line":125,"column":11},"end":{"line":129,"column":5}},"type":"if","locations":[{"start":{"line":125,"column":11},"end":{"line":129,"column":5}},{"start":{"line":127,"column":11},"end":{"line":129,"column":5}}],"line":125},"19":{"loc":{"start":{"line":128,"column":30},"end":{"line":128,"column":97}},"type":"cond-expr","locations":[{"start":{"line":128,"column":75},"end":{"line":128,"column":85}},{"start":{"line":128,"column":88},"end":{"line":128,"column":97}}],"line":128},"20":{"loc":{"start":{"line":149,"column":4},"end":{"line":156,"column":5}},"type":"if","locations":[{"start":{"line":149,"column":4},"end":{"line":156,"column":5}},{"start":{},"end":{}}],"line":149}},"s":{"0":11,"1":11,"2":8,"3":8,"4":7,"5":1,"6":1,"7":1,"8":1,"9":0,"10":3,"11":0,"12":3,"13":0,"14":3,"15":0,"16":3,"17":3,"18":2,"19":2,"20":2,"21":2,"22":0,"23":2,"24":2,"25":1,"26":0,"27":1,"28":1,"29":1,"30":0,"31":0,"32":0,"33":3,"34":3,"35":3,"36":3,"37":1,"38":2,"39":2,"40":1,"41":1,"42":1,"43":1,"44":2,"45":0,"46":2,"47":1,"48":1,"49":1,"50":0,"51":1,"52":1,"53":1,"54":1,"55":1,"56":0,"57":1,"58":0,"59":1,"60":1,"61":2,"62":1,"63":1,"64":1,"65":0,"66":0,"67":0,"68":0,"69":0},"f":{"0":8,"1":1,"2":3,"3":3,"4":2,"5":3,"6":1,"7":2,"8":1,"9":1,"10":0},"b":{"0":[0,3],"1":[3,3],"2":[0,3],"3":[3,3],"4":[0,3],"5":[3,3],"6":[3,2],"7":[0,2],"8":[0,1],"9":[1,0],"10":[0,0],"11":[1,2],"12":[1,1],"13":[2,2],"14":[0,2],"15":[1,1],"16":[1,0],"17":[0,1],"18":[0,1],"19":[1,0],"20":[0,0]},"_coverageSchema":"1a1c01bbd47fc00a2c39e90264f33305004495a9","hash":"005eacbd9c1d14178f6045c19bfc5892297b40dd"}
,"C:\\DevTools\\subib\\src\\task-storage.js": {"path":"C:\\DevTools\\subib\\src\\task-storage.js","statementMap":{"0":{"start":{"line":8,"column":2},"end":{"line":10,"column":3}},"1":{"start":{"line":9,"column":4},"end":{"line":9,"column":46}},"2":{"start":{"line":11,"column":2},"end":{"line":13,"column":3}},"3":{"start":{"line":12,"column":4},"end":{"line":12,"column":43}},"4":{"start":{"line":14,"column":2},"end":{"line":16,"column":3}},"5":{"start":{"line":15,"column":4},"end":{"line":15,"column":46}},"6":{"start":{"line":21,"column":2},"end":{"line":26,"column":3}},"7":{"start":{"line":22,"column":19},"end":{"line":22,"column":59}},"8":{"start":{"line":23,"column":4},"end":{"line":23,"column":30}},"9":{"start":{"line":25,"column":4},"end":{"line":25,"column":37}},"10":{"start":{"line":31,"column":2},"end":{"line":31,"column":21}},"11":{"start":{"line":32,"column":16},"end":{"line":32,"column":35}},"12":{"start":{"line":33,"column":2},"end":{"line":33,"column":24}},"13":{"start":{"line":34,"column":2},"end":{"line":34,"column":45}},"14":{"start":{"line":35,"column":2},"end":{"line":35,"column":14}},"15":{"start":{"line":40,"column":2},"end":{"line":40,"column":21}},"16":{"start":{"line":41,"column":16},"end":{"line":41,"column":35}},"17":{"start":{"line":42,"column":2},"end":{"line":44,"column":3}},"18":{"start":{"line":43,"column":4},"end":{"line":43,"column":38}},"19":{"start":{"line":45,"column":2},"end":{"line":45,"column":24}},"20":{"start":{"line":46,"column":2},"end":{"line":46,"column":45}},"21":{"start":{"line":47,"column":2},"end":{"line":47,"column":14}},"22":{"start":{"line":52,"column":16},"end":{"line":52,"column":35}},"23":{"start":{"line":53,"column":55},"end":{"line":53,"column":60}},"24":{"start":{"line":54,"column":2},"end":{"line":54,"column":61}},"25":{"start":{"line":55,"column":2},"end":{"line":55,"column":21}},"26":{"start":{"line":60,"column":16},"end":{"line":60,"column":35}},"27":{"start":{"line":61,"column":2},"end":{"line":63,"column":4}},"28":{"start":{"line":62,"column":48},"end":{"line":62,"column":76}},"29":{"start":{"line":68,"column":16},"end":{"line":68,"column":35}},"30":{"start":{"line":69,"column":21},"end":{"line":69,"column":40}},"31":{"start":{"line":70,"column":2},"end":{"line":74,"column":4}},"32":{"start":{"line":72,"column":6},"end":{"line":72,"column":51}},"33":{"start":{"line":80,"column":4},"end":{"line":80,"column":36}},"34":{"start":{"line":81,"column":4},"end":{"line":81,"column":23}},"35":{"start":{"line":82,"column":4},"end":{"line":82,"column":25}},"36":{"start":{"line":83,"column":4},"end":{"line":83,"column":29}},"37":{"start":{"line":84,"column":4},"end":{"line":84,"column":28}},"38":{"start":{"line":85,"column":4},"end":{"line":85,"column":32}},"39":{"start":{"line":91,"column":2},"end":{"line":95,"column":5}},"40":{"start":{"line":92,"column":4},"end":{"line":94,"column":7}},"41":{"start":{"line":93,"column":6},"end":{"line":93,"column":34}},"42":{"start":{"line":100,"column":2},"end":{"line":102,"column":5}},"43":{"start":{"line":101,"column":4},"end":{"line":101,"column":49}},"44":{"start":{"line":107,"column":16},"end":{"line":107,"column":32}},"45":{"start":{"line":108,"column":18},"end":{"line":108,"column":78}},"46":{"start":{"line":109,"column":2},"end":{"line":109,"column":22}},"47":{"start":{"line":110,"column":2},"end":{"line":110,"column":25}},"48":{"start":{"line":111,"column":2},"end":{"line":111,"column":17}},"49":{"start":{"line":116,"column":16},"end":{"line":116,"column":32}},"50":{"start":{"line":117,"column":2},"end":{"line":123,"column":5}},"51":{"start":{"line":118,"column":4},"end":{"line":119,"column":29}},"52":{"start":{"line":121,"column":26},"end":{"line":121,"column":56}},"53":{"start":{"line":122,"column":4},"end":{"line":122,"column":65}},"54":{"start":{"line":128,"column":16},"end":{"line":128,"column":32}},"55":{"start":{"line":129,"column":15},"end":{"line":129,"column":47}},"56":{"start":{"line":129,"column":31},"end":{"line":129,"column":46}},"57":{"start":{"line":130,"column":2},"end":{"line":133,"column":3}},"58":{"start":{"line":131,"column":4},"end":{"line":131,"column":25}},"59":{"start":{"line":132,"column":4},"end":{"line":132,"column":27}},"60":{"start":{"line":134,"column":2},"end":{"line":134,"column":14}}},"fnMap":{"0":{"name":"validateTask","decl":{"start":{"line":7,"column":9},"end":{"line":7,"column":21}},"loc":{"start":{"line":7,"column":28},"end":{"line":17,"column":1}},"line":7},"1":{"name":"getAllTasks","decl":{"start":{"line":20,"column":22},"end":{"line":20,"column":33}},"loc":{"start":{"line":20,"column":36},"end":{"line":27,"column":1}},"line":20},"2":{"name":"saveTask","decl":{"start":{"line":30,"column":22},"end":{"line":30,"column":30}},"loc":{"start":{"line":30,"column":37},"end":{"line":36,"column":1}},"line":30},"3":{"name":"updateTask","decl":{"start":{"line":39,"column":22},"end":{"line":39,"column":32}},"loc":{"start":{"line":39,"column":39},"end":{"line":48,"column":1}},"line":39},"4":{"name":"deleteTask","decl":{"start":{"line":51,"column":22},"end":{"line":51,"column":32}},"loc":{"start":{"line":51,"column":41},"end":{"line":56,"column":1}},"line":51},"5":{"name":"getTasksByStatus","decl":{"start":{"line":59,"column":22},"end":{"line":59,"column":38}},"loc":{"start":{"line":59,"column":50},"end":{"line":64,"column":1}},"line":59},"6":{"name":"(anonymous_6)","decl":{"start":{"line":62,"column":33},"end":{"line":62,"column":34}},"loc":{"start":{"line":62,"column":48},"end":{"line":62,"column":76}},"line":62},"7":{"name":"searchTasks","decl":{"start":{"line":67,"column":22},"end":{"line":67,"column":33}},"loc":{"start":{"line":67,"column":41},"end":{"line":75,"column":1}},"line":67},"8":{"name":"(anonymous_8)","decl":{"start":{"line":71,"column":33},"end":{"line":71,"column":34}},"loc":{"start":{"line":72,"column":6},"end":{"line":72,"column":51}},"line":72},"9":{"name":"(anonymous_9)","decl":{"start":{"line":79,"column":2},"end":{"line":79,"column":3}},"loc":{"start":{"line":79,"column":50},"end":{"line":86,"column":3}},"line":79},"10":{"name":"getTasks","decl":{"start":{"line":90,"column":16},"end":{"line":90,"column":24}},"loc":{"start":{"line":90,"column":27},"end":{"line":96,"column":1}},"line":90},"11":{"name":"(anonymous_11)","decl":{"start":{"line":91,"column":21},"end":{"line":91,"column":22}},"loc":{"start":{"line":91,"column":32},"end":{"line":95,"column":3}},"line":91},"12":{"name":"(anonymous_12)","decl":{"start":{"line":92,"column":40},"end":{"line":92,"column":41}},"loc":{"start":{"line":92,"column":52},"end":{"line":94,"column":5}},"line":92},"13":{"name":"saveTasks","decl":{"start":{"line":99,"column":16},"end":{"line":99,"column":25}},"loc":{"start":{"line":99,"column":33},"end":{"line":103,"column":1}},"line":99},"14":{"name":"(anonymous_14)","decl":{"start":{"line":100,"column":21},"end":{"line":100,"column":22}},"loc":{"start":{"line":100,"column":32},"end":{"line":102,"column":3}},"line":100},"15":{"name":"addTask","decl":{"start":{"line":106,"column":22},"end":{"line":106,"column":29}},"loc":{"start":{"line":106,"column":40},"end":{"line":112,"column":1}},"line":106},"16":{"name":"getTasksForDomain","decl":{"start":{"line":115,"column":22},"end":{"line":115,"column":39}},"loc":{"start":{"line":115,"column":48},"end":{"line":124,"column":1}},"line":115},"17":{"name":"(anonymous_17)","decl":{"start":{"line":117,"column":22},"end":{"line":117,"column":23}},"loc":{"start":{"line":118,"column":4},"end":{"line":119,"column":29}},"line":118},"18":{"name":"(anonymous_18)","decl":{"start":{"line":120,"column":9},"end":{"line":120,"column":10}},"loc":{"start":{"line":120,"column":19},"end":{"line":123,"column":3}},"line":120},"19":{"name":"markTaskAsDone","decl":{"start":{"line":127,"column":22},"end":{"line":127,"column":36}},"loc":{"start":{"line":127,"column":45},"end":{"line":135,"column":1}},"line":127},"20":{"name":"(anonymous_20)","decl":{"start":{"line":129,"column":26},"end":{"line":129,"column":27}},"loc":{"start":{"line":129,"column":31},"end":{"line":129,"column":46}},"line":129}},"branchMap":{"0":{"loc":{"start":{"line":8,"column":2},"end":{"line":10,"column":3}},"type":"if","locations":[{"start":{"line":8,"column":2},"end":{"line":10,"column":3}},{"start":{},"end":{}}],"line":8},"1":{"loc":{"start":{"line":8,"column":6},"end":{"line":8,"column":68}},"type":"binary-expr","locations":[{"start":{"line":8,"column":6},"end":{"line":8,"column":14}},{"start":{"line":8,"column":18},"end":{"line":8,"column":29}},{"start":{"line":8,"column":33},"end":{"line":8,"column":68}}],"line":8},"2":{"loc":{"start":{"line":11,"column":2},"end":{"line":13,"column":3}},"type":"if","locations":[{"start":{"line":11,"column":2},"end":{"line":13,"column":3}},{"start":{},"end":{}}],"line":11},"3":{"loc":{"start":{"line":14,"column":2},"end":{"line":16,"column":3}},"type":"if","locations":[{"start":{"line":14,"column":2},"end":{"line":16,"column":3}},{"start":{},"end":{}}],"line":14},"4":{"loc":{"start":{"line":23,"column":11},"end":{"line":23,"column":29}},"type":"binary-expr","locations":[{"start":{"line":23,"column":11},"end":{"line":23,"column":23}},{"start":{"line":23,"column":27},"end":{"line":23,"column":29}}],"line":23},"5":{"loc":{"start":{"line":42,"column":2},"end":{"line":44,"column":3}},"type":"if","locations":[{"start":{"line":42,"column":2},"end":{"line":44,"column":3}},{"start":{},"end":{}}],"line":42},"6":{"loc":{"start":{"line":79,"column":29},"end":{"line":79,"column":48}},"type":"default-arg","locations":[{"start":{"line":79,"column":40},"end":{"line":79,"column":48}}],"line":79},"7":{"loc":{"start":{"line":93,"column":14},"end":{"line":93,"column":32}},"type":"binary-expr","locations":[{"start":{"line":93,"column":14},"end":{"line":93,"column":26}},{"start":{"line":93,"column":30},"end":{"line":93,"column":32}}],"line":93},"8":{"loc":{"start":{"line":118,"column":4},"end":{"line":119,"column":29}},"type":"binary-expr","locations":[{"start":{"line":118,"column":4},"end":{"line":118,"column":26}},{"start":{"line":119,"column":4},"end":{"line":119,"column":29}}],"line":118},"9":{"loc":{"start":{"line":130,"column":2},"end":{"line":133,"column":3}},"type":"if","locations":[{"start":{"line":130,"column":2},"end":{"line":133,"column":3}},{"start":{},"end":{}}],"line":130}},"s":{"0":7,"1":1,"2":6,"3":1,"4":5,"5":1,"6":11,"7":11,"8":10,"9":1,"10":6,"11":3,"12":3,"13":3,"14":3,"15":1,"16":1,"17":1,"18":0,"19":1,"20":1,"21":1,"22":1,"23":1,"24":1,"25":1,"26":2,"27":2,"28":6,"29":1,"30":1,"31":1,"32":3,"33":0,"34":0,"35":0,"36":0,"37":0,"38":0,"39":0,"40":0,"41":0,"42":0,"43":0,"44":0,"45":0,"46":0,"47":0,"48":0,"49":0,"50":0,"51":0,"52":0,"53":0,"54":0,"55":0,"56":0,"57":0,"58":0,"59":0,"60":0},"f":{"0":7,"1":11,"2":6,"3":1,"4":1,"5":2,"6":6,"7":1,"8":3,"9":0,"10":0,"11":0,"12":0,"13":0,"14":0,"15":0,"16":0,"17":0,"18":0,"19":0,"20":0},"b":{"0":[1,6],"1":[7,6,6],"2":[1,5],"3":[1,4],"4":[10,2],"5":[0,1],"6":[0],"7":[0,0],"8":[0,0],"9":[0,0]},"_coverageSchema":"1a1c01bbd47fc00a2c39e90264f33305004495a9","hash":"656ecbc7f61c6e5b40a6fc7c82231f0c4337c667"}
,"C:\\DevTools\\subib\\tests\\mocks\\webextension-polyfill.js": {"path":"C:\\DevTools\\subib\\tests\\mocks\\webextension-polyfill.js","statementMap":{"0":{"start":{"line":4,"column":20},"end":{"line":8,"column":1}},"1":{"start":{"line":10,"column":21},"end":{"line":12,"column":1}},"2":{"start":{"line":14,"column":16},"end":{"line":90,"column":1}},"3":{"start":{"line":18,"column":8},"end":{"line":20,"column":9}},"4":{"start":{"line":19,"column":10},"end":{"line":19,"column":60}},"5":{"start":{"line":21,"column":8},"end":{"line":21,"column":45}},"6":{"start":{"line":37,"column":6},"end":{"line":39,"column":7}},"7":{"start":{"line":38,"column":8},"end":{"line":38,"column":59}},"8":{"start":{"line":40,"column":6},"end":{"line":40,"column":31}},"9":{"start":{"line":60,"column":6},"end":{"line":60,"column":56}},"10":{"start":{"line":63,"column":6},"end":{"line":65,"column":7}},"11":{"start":{"line":64,"column":8},"end":{"line":64,"column":60}},"12":{"start":{"line":66,"column":6},"end":{"line":66,"column":31}},"13":{"start":{"line":94,"column":2},"end":{"line":94,"column":23}}},"fnMap":{"0":{"name":"(anonymous_0)","decl":{"start":{"line":17,"column":40},"end":{"line":17,"column":41}},"loc":{"start":{"line":17,"column":49},"end":{"line":22,"column":7}},"line":17},"1":{"name":"(anonymous_1)","decl":{"start":{"line":36,"column":46},"end":{"line":36,"column":47}},"loc":{"start":{"line":36,"column":66},"end":{"line":41,"column":5}},"line":36},"2":{"name":"(anonymous_2)","decl":{"start":{"line":59,"column":41},"end":{"line":59,"column":42}},"loc":{"start":{"line":59,"column":57},"end":{"line":61,"column":5}},"line":59},"3":{"name":"(anonymous_3)","decl":{"start":{"line":62,"column":41},"end":{"line":62,"column":42}},"loc":{"start":{"line":62,"column":63},"end":{"line":67,"column":5}},"line":62},"4":{"name":"clearMocks","decl":{"start":{"line":93,"column":16},"end":{"line":93,"column":26}},"loc":{"start":{"line":93,"column":29},"end":{"line":95,"column":1}},"line":93}},"branchMap":{"0":{"loc":{"start":{"line":18,"column":8},"end":{"line":20,"column":9}},"type":"if","locations":[{"start":{"line":18,"column":8},"end":{"line":20,"column":9}},{"start":{},"end":{}}],"line":18},"1":{"loc":{"start":{"line":37,"column":6},"end":{"line":39,"column":7}},"type":"if","locations":[{"start":{"line":37,"column":6},"end":{"line":39,"column":7}},{"start":{},"end":{}}],"line":37},"2":{"loc":{"start":{"line":60,"column":29},"end":{"line":60,"column":54}},"type":"binary-expr","locations":[{"start":{"line":60,"column":29},"end":{"line":60,"column":48}},{"start":{"line":60,"column":52},"end":{"line":60,"column":54}}],"line":60},"3":{"loc":{"start":{"line":63,"column":6},"end":{"line":65,"column":7}},"type":"if","locations":[{"start":{"line":63,"column":6},"end":{"line":65,"column":7}},{"start":{},"end":{}}],"line":63}},"s":{"0":3,"1":3,"2":3,"3":11,"4":0,"5":11,"6":2,"7":1,"8":1,"9":3,"10":2,"11":0,"12":2,"13":2},"f":{"0":11,"1":2,"2":3,"3":2,"4":2},"b":{"0":[0,11],"1":[1,1],"2":[3,0],"3":[0,2]},"_coverageSchema":"1a1c01bbd47fc00a2c39e90264f33305004495a9","hash":"eacdb85e5d695aebe8cfbbe244aed9bd9c113762"}
}
