TN:
SF:src\auth.js
FN:3,(anonymous_0)
FN:14,(anonymous_1)
FN:35,(anonymous_2)
FN:47,(anonymous_3)
FN:72,(anonymous_4)
FN:97,(anonymous_5)
FN:115,(anonymous_6)
FN:139,(anonymous_7)
FN:149,(anonymous_8)
FN:175,(anonymous_9)
FN:180,(anonymous_10)
FN:184,(anonymous_11)
FNF:12
FNH:12
FNDA:10,(anonymous_0)
FNDA:2,(anonymous_1)
FNDA:1,(anonymous_2)
FNDA:2,(anonymous_3)
FNDA:2,(anonymous_4)
FNDA:2,(anonymous_5)
FNDA:2,(anonymous_6)
FNDA:3,(anonymous_7)
FNDA:2,(anonymous_8)
FNDA:1,(anonymous_9)
FNDA:9,(anonymous_10)
FNDA:1,(anonymous_11)
DA:4,10
DA:5,10
DA:6,10
DA:7,10
DA:10,10
DA:15,2
DA:17,2
DA:18,1
DA:19,1
DA:22,1
DA:23,1
DA:24,1
DA:25,1
DA:29,0
DA:31,2
DA:36,1
DA:37,1
DA:38,1
DA:40,1
DA:41,1
DA:48,2
DA:49,2
DA:57,2
DA:58,1
DA:59,1
DA:62,1
DA:63,1
DA:64,0
DA:66,2
DA:67,2
DA:73,2
DA:74,2
DA:82,2
DA:83,1
DA:84,1
DA:87,1
DA:88,1
DA:89,0
DA:91,2
DA:92,2
DA:98,2
DA:99,2
DA:100,2
DA:108,1
DA:110,2
DA:116,2
DA:119,2
DA:124,2
DA:125,2
DA:128,2
DA:129,2
DA:130,2
DA:131,2
DA:135,0
DA:141,3
DA:143,3
DA:144,3
DA:145,3
DA:150,2
DA:152,2
DA:153,2
DA:159,2
DA:160,1
DA:161,1
DA:164,1
DA:165,1
DA:166,1
DA:168,0
DA:169,0
DA:170,0
DA:176,1
DA:181,9
DA:185,1
DA:190,10
LF:74
LH:67
BRDA:22,0,0,1
BRDA:22,0,1,0
BRDA:36,1,0,1
BRDA:36,1,1,0
BRDA:37,2,0,1
BRDA:37,2,1,0
BRDA:40,3,0,1
BRDA:40,3,1,0
BRDA:57,4,0,1
BRDA:57,4,1,1
BRDA:59,5,0,1
BRDA:59,5,1,0
BRDA:82,6,0,1
BRDA:82,6,1,1
BRDA:84,7,0,1
BRDA:84,7,1,0
BRDA:99,8,0,2
BRDA:99,8,1,0
BRDA:128,9,0,2
BRDA:128,9,1,0
BRDA:150,10,0,0
BRDA:150,10,1,2
BRDA:159,11,0,1
BRDA:159,11,1,1
BRDA:181,12,0,9
BRDA:181,12,1,2
BRF:26
BRH:17
end_of_record
TN:
SF:src\background.js
FN:14,(anonymous_0)
FN:20,detectBrowserCompatibility
FN:69,withLock
FN:93,(anonymous_3)
FN:95,(anonymous_4)
FN:125,getDomainFromUrl
FN:135,getSessionKey
FN:140,isKeySessionCookie
FN:145,(anonymous_8)
FN:149,startSession
FN:163,endSession
FN:190,getFaviconUrl
FN:201,checkInactiveSessions
FN:213,(anonymous_13)
FN:224,(anonymous_14)
FN:236,notifySessionCookieRisk
FN:246,logSessionCookieEvent
FN:247,(anonymous_17)
FN:255,(anonymous_18)
FN:275,(anonymous_19)
FN:289,urlMatchesDomains
FN:294,(anonymous_21)
FN:329,applyFocusModeActions
FN:343,removeFocusModeActions
FN:355,applyMeetingModeMuting
FN:356,(anonymous_25)
FN:357,(anonymous_26)
FN:368,removeMeetingModeMuting
FN:369,(anonymous_28)
FN:370,(anonymous_29)
FN:381,loadProductivitySettings
FN:382,(anonymous_31)
FN:383,(anonymous_32)
FN:383,(anonymous_33)
FN:385,(anonymous_34)
FN:385,(anonymous_35)
FN:390,updateFocusModeOnAllTabs
FN:391,(anonymous_37)
FN:392,(anonymous_38)
FN:405,(anonymous_39)
FN:408,(anonymous_40)
FN:428,(anonymous_41)
FN:433,(anonymous_42)
FN:454,(anonymous_43)
FN:487,(anonymous_44)
FN:500,(anonymous_45)
FN:514,(anonymous_46)
FN:527,(anonymous_47)
FN:530,(anonymous_48)
FN:540,(anonymous_49)
FN:545,(anonymous_50)
FN:552,testCookieProtection
FN:553,(anonymous_52)
FN:557,(anonymous_53)
FN:558,(anonymous_54)
FN:577,handleModeChange
FN:583,(anonymous_56)
FN:628,(anonymous_57)
FN:661,(anonymous_58)
FN:676,(anonymous_59)
FN:681,(anonymous_60)
FN:689,(anonymous_61)
FN:695,(anonymous_62)
FN:696,(anonymous_63)
FN:707,(anonymous_64)
FN:712,(anonymous_65)
FN:724,handleMessage
FN:751,handleTabUpdate
FN:761,handleTabRemove
FN:772,handleCookieConsent
FN:773,(anonymous_70)
FN:781,handleCookieSettings
FN:782,(anonymous_72)
FN:790,handleCookieDeletion
FN:804,getCurrentTabCookies
FN:822,saveSettings
FN:826,getSettings
FN:835,getCookiesForDomain
FN:839,deleteCookiesForDomain
FN:857,scheduleCleanup
FN:863,clearCleanupAlarm
FN:867,initializeAlarms
FN:872,handleAlarm
FN:879,getActiveTab
FN:884,sendMessageToTab
FN:893,performCleanup
FN:910,logTabActivity
FN:921,initialize
FN:923,(anonymous_88)
FN:931,(anonymous_89)
FNF:90
FNH:15
FNDA:2,(anonymous_0)
FNDA:4,detectBrowserCompatibility
FNDA:0,withLock
FNDA:0,(anonymous_3)
FNDA:0,(anonymous_4)
FNDA:0,getDomainFromUrl
FNDA:0,getSessionKey
FNDA:0,isKeySessionCookie
FNDA:0,(anonymous_8)
FNDA:0,startSession
FNDA:0,endSession
FNDA:0,getFaviconUrl
FNDA:0,checkInactiveSessions
FNDA:0,(anonymous_13)
FNDA:0,(anonymous_14)
FNDA:0,notifySessionCookieRisk
FNDA:0,logSessionCookieEvent
FNDA:0,(anonymous_17)
FNDA:0,(anonymous_18)
FNDA:0,(anonymous_19)
FNDA:0,urlMatchesDomains
FNDA:0,(anonymous_21)
FNDA:0,applyFocusModeActions
FNDA:0,removeFocusModeActions
FNDA:0,applyMeetingModeMuting
FNDA:0,(anonymous_25)
FNDA:0,(anonymous_26)
FNDA:0,removeMeetingModeMuting
FNDA:0,(anonymous_28)
FNDA:0,(anonymous_29)
FNDA:2,loadProductivitySettings
FNDA:0,(anonymous_31)
FNDA:0,(anonymous_32)
FNDA:0,(anonymous_33)
FNDA:0,(anonymous_34)
FNDA:0,(anonymous_35)
FNDA:0,updateFocusModeOnAllTabs
FNDA:0,(anonymous_37)
FNDA:0,(anonymous_38)
FNDA:0,(anonymous_39)
FNDA:0,(anonymous_40)
FNDA:0,(anonymous_41)
FNDA:0,(anonymous_42)
FNDA:0,(anonymous_43)
FNDA:0,(anonymous_44)
FNDA:0,(anonymous_45)
FNDA:0,(anonymous_46)
FNDA:0,(anonymous_47)
FNDA:0,(anonymous_48)
FNDA:0,(anonymous_49)
FNDA:0,(anonymous_50)
FNDA:0,testCookieProtection
FNDA:0,(anonymous_52)
FNDA:0,(anonymous_53)
FNDA:0,(anonymous_54)
FNDA:0,handleModeChange
FNDA:0,(anonymous_56)
FNDA:0,(anonymous_57)
FNDA:0,(anonymous_58)
FNDA:0,(anonymous_59)
FNDA:0,(anonymous_60)
FNDA:0,(anonymous_61)
FNDA:0,(anonymous_62)
FNDA:0,(anonymous_63)
FNDA:0,(anonymous_64)
FNDA:0,(anonymous_65)
FNDA:3,handleMessage
FNDA:0,handleTabUpdate
FNDA:0,handleTabRemove
FNDA:0,handleCookieConsent
FNDA:0,(anonymous_70)
FNDA:0,handleCookieSettings
FNDA:0,(anonymous_72)
FNDA:0,handleCookieDeletion
FNDA:0,getCurrentTabCookies
FNDA:1,saveSettings
FNDA:2,getSettings
FNDA:1,getCookiesForDomain
FNDA:2,deleteCookiesForDomain
FNDA:2,scheduleCleanup
FNDA:1,clearCleanupAlarm
FNDA:1,initializeAlarms
FNDA:0,handleAlarm
FNDA:1,getActiveTab
FNDA:2,sendMessageToTab
FNDA:0,performCleanup
FNDA:0,logTabActivity
FNDA:2,initialize
FNDA:2,(anonymous_88)
FNDA:0,(anonymous_89)
DA:4,2
DA:5,2
DA:8,2
DA:9,2
DA:10,2
DA:11,2
DA:14,2
DA:15,2
DA:16,2
DA:21,4
DA:34,4
DA:35,4
DA:36,0
DA:37,0
DA:38,0
DA:39,4
DA:40,0
DA:41,0
DA:42,0
DA:43,4
DA:44,0
DA:45,0
DA:46,0
DA:47,4
DA:48,0
DA:49,0
DA:50,0
DA:54,4
DA:57,4
DA:59,0
DA:63,4
DA:65,4
DA:70,0
DA:73,0
DA:74,0
DA:77,0
DA:78,0
DA:82,0
DA:86,0
DA:93,0
DA:95,0
DA:96,0
DA:97,0
DA:98,0
DA:102,0
DA:104,0
DA:105,0
DA:106,0
DA:108,0
DA:109,0
DA:112,0
DA:113,0
DA:119,0
DA:121,0
DA:126,0
DA:127,0
DA:128,0
DA:130,0
DA:136,0
DA:141,0
DA:144,0
DA:145,0
DA:150,0
DA:151,0
DA:152,0
DA:153,0
DA:154,0
DA:157,0
DA:158,0
DA:164,0
DA:165,0
DA:166,0
DA:167,0
DA:168,0
DA:169,0
DA:172,0
DA:173,0
DA:176,0
DA:184,0
DA:185,0
DA:191,0
DA:192,0
DA:193,0
DA:194,0
DA:197,0
DA:202,0
DA:203,0
DA:204,0
DA:205,0
DA:206,0
DA:207,0
DA:213,2
DA:214,0
DA:215,0
DA:216,0
DA:217,0
DA:218,0
DA:224,2
DA:225,0
DA:227,0
DA:228,0
DA:229,0
DA:230,0
DA:237,0
DA:247,0
DA:248,0
DA:249,0
DA:250,0
DA:255,2
DA:256,0
DA:257,0
DA:258,0
DA:260,0
DA:261,0
DA:262,0
DA:263,0
DA:264,0
DA:268,0
DA:270,0
DA:275,2
DA:276,0
DA:277,0
DA:282,2
DA:283,2
DA:284,2
DA:285,2
DA:286,2
DA:290,0
DA:291,0
DA:292,0
DA:294,0
DA:296,0
DA:297,0
DA:298,0
DA:302,0
DA:303,0
DA:307,0
DA:308,0
DA:312,0
DA:313,0
DA:314,0
DA:315,0
DA:316,0
DA:320,0
DA:323,0
DA:324,0
DA:330,0
DA:331,0
DA:332,0
DA:334,0
DA:335,0
DA:337,0
DA:338,0
DA:344,0
DA:345,0
DA:346,0
DA:348,0
DA:349,0
DA:356,0
DA:357,0
DA:358,0
DA:359,0
DA:360,0
DA:369,0
DA:370,0
DA:371,0
DA:372,0
DA:373,0
DA:382,2
DA:383,0
DA:384,0
DA:385,0
DA:391,0
DA:392,0
DA:393,0
DA:394,0
DA:395,0
DA:397,0
DA:405,2
DA:406,0
DA:408,0
DA:409,0
DA:410,0
DA:411,0
DA:413,0
DA:414,0
DA:417,0
DA:428,2
DA:429,0
DA:430,0
DA:431,0
DA:433,0
DA:434,0
DA:435,0
DA:438,0
DA:439,0
DA:442,0
DA:450,0
DA:451,0
DA:452,0
DA:454,0
DA:455,0
DA:456,0
DA:459,0
DA:460,0
DA:463,0
DA:471,0
DA:474,0
DA:475,0
DA:476,0
DA:477,0
DA:479,0
DA:480,0
DA:487,2
DA:488,0
DA:489,0
DA:490,0
DA:491,0
DA:492,0
DA:494,0
DA:495,0
DA:500,2
DA:501,0
DA:502,0
DA:503,0
DA:505,0
DA:506,0
DA:507,0
DA:508,0
DA:510,0
DA:512,0
DA:513,0
DA:514,0
DA:515,0
DA:516,0
DA:517,0
DA:520,0
DA:521,0
DA:524,0
DA:525,0
DA:526,0
DA:528,0
DA:531,0
DA:532,0
DA:534,0
DA:535,0
DA:536,0
DA:537,0
DA:538,0
DA:540,0
DA:541,0
DA:542,0
DA:543,0
DA:545,0
DA:546,0
DA:548,0
DA:553,0
DA:554,0
DA:557,0
DA:558,0
DA:559,0
DA:564,0
DA:565,0
DA:568,0
DA:569,0
DA:572,0
DA:578,0
DA:579,0
DA:581,0
DA:583,0
DA:584,0
DA:585,0
DA:588,0
DA:591,0
DA:592,0
DA:593,0
DA:596,0
DA:597,0
DA:601,0
DA:602,0
DA:606,0
DA:607,0
DA:613,0
DA:615,0
DA:616,0
DA:617,0
DA:623,0
DA:624,0
DA:626,0
DA:628,0
DA:629,0
DA:630,0
DA:633,0
DA:636,0
DA:637,0
DA:638,0
DA:640,0
DA:641,0
DA:646,0
DA:650,0
DA:652,0
DA:653,0
DA:654,0
DA:661,2
DA:662,0
DA:663,0
DA:664,0
DA:666,0
DA:667,0
DA:668,0
DA:673,2
DA:676,2
DA:677,0
DA:681,2
DA:682,0
DA:683,0
DA:684,0
DA:689,2
DA:690,0
DA:691,0
DA:692,0
DA:695,0
DA:696,0
DA:697,0
DA:698,0
DA:699,0
DA:701,0
DA:706,0
DA:707,0
DA:708,0
DA:709,0
DA:713,0
DA:716,0
DA:725,3
DA:726,3
DA:728,1
DA:731,1
DA:732,1
DA:735,1
DA:739,1
DA:740,1
DA:743,1
DA:746,0
DA:752,0
DA:753,0
DA:754,0
DA:755,0
DA:763,0
DA:764,0
DA:765,0
DA:766,0
DA:773,0
DA:775,0
DA:776,0
DA:782,0
DA:784,0
DA:785,0
DA:791,0
DA:792,0
DA:796,0
DA:798,0
DA:799,0
DA:805,0
DA:806,0
DA:807,0
DA:808,0
DA:811,0
DA:812,0
DA:814,0
DA:816,0
DA:817,0
DA:823,1
DA:827,2
DA:828,2
DA:830,1
DA:836,1
DA:840,2
DA:841,2
DA:842,1
DA:844,1
DA:845,1
DA:846,1
DA:852,1
DA:858,2
DA:864,1
DA:868,1
DA:869,1
DA:873,0
DA:874,0
DA:880,1
DA:881,1
DA:885,2
DA:886,2
DA:888,1
DA:894,0
DA:895,0
DA:896,0
DA:897,0
DA:899,0
DA:900,0
DA:901,0
DA:911,0
DA:912,0
DA:914,0
DA:915,0
DA:917,0
DA:923,2
DA:924,2
DA:925,2
DA:928,2
DA:929,2
DA:930,2
DA:931,2
DA:933,0
DA:934,0
DA:939,2
DA:943,2
LF:417
LH:77
BRDA:15,0,0,2
BRDA:15,0,1,2
BRDA:35,1,0,0
BRDA:35,1,1,4
BRDA:38,2,0,0
BRDA:38,2,1,0
BRDA:39,3,0,0
BRDA:39,3,1,4
BRDA:42,4,0,0
BRDA:42,4,1,0
BRDA:43,5,0,0
BRDA:43,5,1,4
BRDA:46,6,0,0
BRDA:46,6,1,0
BRDA:47,7,0,0
BRDA:47,7,1,4
BRDA:50,8,0,0
BRDA:50,8,1,0
BRDA:57,9,0,0
BRDA:57,9,1,4
BRDA:69,10,0,0
BRDA:70,11,0,0
BRDA:70,12,0,0
BRDA:73,13,0,0
BRDA:73,13,1,0
BRDA:77,14,0,0
BRDA:77,14,1,0
BRDA:77,15,0,0
BRDA:77,15,1,0
BRDA:96,16,0,0
BRDA:96,16,1,0
BRDA:112,17,0,0
BRDA:112,17,1,0
BRDA:141,18,0,0
BRDA:141,18,1,0
BRDA:141,19,0,0
BRDA:141,19,1,0
BRDA:151,20,0,0
BRDA:151,20,1,0
BRDA:165,21,0,0
BRDA:165,21,1,0
BRDA:173,22,0,0
BRDA:173,22,1,0
BRDA:193,23,0,0
BRDA:193,23,1,0
BRDA:193,24,0,0
BRDA:193,24,1,0
BRDA:204,25,0,0
BRDA:204,25,1,0
BRDA:214,26,0,0
BRDA:214,26,1,0
BRDA:215,27,0,0
BRDA:215,27,1,0
BRDA:215,28,0,0
BRDA:215,28,1,0
BRDA:217,29,0,0
BRDA:217,29,1,0
BRDA:225,30,0,0
BRDA:225,30,1,0
BRDA:228,31,0,0
BRDA:228,31,1,0
BRDA:248,32,0,0
BRDA:248,32,1,0
BRDA:256,33,0,0
BRDA:256,33,1,0
BRDA:257,34,0,0
BRDA:257,34,1,0
BRDA:257,35,0,0
BRDA:257,35,1,0
BRDA:261,36,0,0
BRDA:261,36,1,0
BRDA:276,37,0,0
BRDA:276,37,1,0
BRDA:290,38,0,0
BRDA:290,38,1,0
BRDA:290,39,0,0
BRDA:290,39,1,0
BRDA:290,39,2,0
BRDA:296,40,0,0
BRDA:296,40,1,0
BRDA:298,41,0,0
BRDA:298,41,1,0
BRDA:302,42,0,0
BRDA:302,42,1,0
BRDA:307,43,0,0
BRDA:307,43,1,0
BRDA:313,44,0,0
BRDA:313,44,1,0
BRDA:315,45,0,0
BRDA:315,45,1,0
BRDA:330,46,0,0
BRDA:330,46,1,0
BRDA:330,47,0,0
BRDA:330,47,1,0
BRDA:330,47,2,0
BRDA:331,48,0,0
BRDA:331,48,1,0
BRDA:331,49,0,0
BRDA:331,49,1,0
BRDA:334,50,0,0
BRDA:334,50,1,0
BRDA:334,51,0,0
BRDA:334,51,1,0
BRDA:337,52,0,0
BRDA:337,52,1,0
BRDA:344,53,0,0
BRDA:344,53,1,0
BRDA:344,54,0,0
BRDA:344,54,1,0
BRDA:345,55,0,0
BRDA:345,55,1,0
BRDA:345,56,0,0
BRDA:345,56,1,0
BRDA:348,57,0,0
BRDA:348,57,1,0
BRDA:348,58,0,0
BRDA:348,58,1,0
BRDA:358,59,0,0
BRDA:358,59,1,0
BRDA:359,60,0,0
BRDA:359,60,1,0
BRDA:371,61,0,0
BRDA:371,61,1,0
BRDA:372,62,0,0
BRDA:372,62,1,0
BRDA:383,63,0,0
BRDA:383,63,1,0
BRDA:384,64,0,0
BRDA:384,64,1,0
BRDA:385,65,0,0
BRDA:385,65,1,0
BRDA:393,66,0,0
BRDA:393,66,1,0
BRDA:394,67,0,0
BRDA:394,67,1,0
BRDA:406,68,0,0
BRDA:406,68,1,0
BRDA:406,69,0,0
BRDA:406,69,1,0
BRDA:406,69,2,0
BRDA:409,70,0,0
BRDA:409,70,1,0
BRDA:409,71,0,0
BRDA:409,71,1,0
BRDA:411,72,0,0
BRDA:411,72,1,0
BRDA:429,73,0,0
BRDA:429,73,1,0
BRDA:430,74,0,0
BRDA:430,74,1,0
BRDA:434,75,0,0
BRDA:434,75,1,0
BRDA:450,76,0,0
BRDA:450,76,1,0
BRDA:452,77,0,0
BRDA:452,77,1,0
BRDA:455,78,0,0
BRDA:455,78,1,0
BRDA:474,79,0,0
BRDA:474,79,1,0
BRDA:474,80,0,0
BRDA:474,80,1,0
BRDA:474,80,2,0
BRDA:476,81,0,0
BRDA:476,81,1,0
BRDA:479,82,0,0
BRDA:479,82,1,0
BRDA:488,83,0,0
BRDA:488,83,1,0
BRDA:489,84,0,0
BRDA:489,84,1,0
BRDA:491,85,0,0
BRDA:491,85,1,0
BRDA:494,86,0,0
BRDA:494,86,1,0
BRDA:501,87,0,0
BRDA:501,87,1,0
BRDA:503,88,0,0
BRDA:503,88,1,0
BRDA:513,89,0,0
BRDA:513,89,1,0
BRDA:515,90,0,0
BRDA:515,90,1,0
BRDA:525,91,0,0
BRDA:525,91,1,0
BRDA:535,92,0,0
BRDA:535,92,1,0
BRDA:537,93,0,0
BRDA:537,93,1,0
BRDA:542,94,0,0
BRDA:542,94,1,0
BRDA:568,95,0,0
BRDA:568,95,1,0
BRDA:568,96,0,0
BRDA:568,96,1,0
BRDA:578,97,0,0
BRDA:578,97,1,0
BRDA:579,98,0,0
BRDA:579,98,1,0
BRDA:584,99,0,0
BRDA:584,99,1,0
BRDA:585,100,0,0
BRDA:585,101,0,0
BRDA:585,102,0,0
BRDA:596,103,0,0
BRDA:596,103,1,0
BRDA:601,104,0,0
BRDA:601,104,1,0
BRDA:606,105,0,0
BRDA:606,105,1,0
BRDA:623,106,0,0
BRDA:623,106,1,0
BRDA:624,107,0,0
BRDA:624,107,1,0
BRDA:629,108,0,0
BRDA:629,108,1,0
BRDA:630,109,0,0
BRDA:640,110,0,0
BRDA:640,110,1,0
BRDA:662,111,0,0
BRDA:662,111,1,0
BRDA:666,112,0,0
BRDA:666,112,1,0
BRDA:677,113,0,0
BRDA:677,113,1,0
BRDA:682,114,0,0
BRDA:682,114,1,0
BRDA:690,115,0,0
BRDA:690,115,1,0
BRDA:690,116,0,0
BRDA:690,116,1,0
BRDA:696,117,0,0
BRDA:696,117,1,0
BRDA:697,118,0,0
BRDA:697,118,1,0
BRDA:706,119,0,0
BRDA:706,119,1,0
BRDA:726,120,0,1
BRDA:726,120,1,1
BRDA:726,120,2,1
BRDA:752,121,0,0
BRDA:752,121,1,0
BRDA:752,122,0,0
BRDA:752,122,1,0
BRDA:754,123,0,0
BRDA:754,123,1,0
BRDA:764,124,0,0
BRDA:764,124,1,0
BRDA:807,125,0,0
BRDA:807,125,1,0
BRDA:841,126,0,1
BRDA:841,126,1,1
BRDA:873,127,0,0
BRDA:873,127,1,0
BRDA:895,128,0,0
BRDA:895,128,1,0
BRDA:896,129,0,0
BRDA:896,129,1,0
BRDA:900,130,0,0
BRDA:900,130,1,0
BRDA:912,131,0,0
BRDA:914,132,0,0
BRDA:914,132,1,0
BRDA:924,133,0,2
BRDA:924,133,1,2
BRDA:933,134,0,0
BRDA:933,134,1,0
BRDA:933,135,0,0
BRDA:933,135,1,0
BRF:269
BRH:14
end_of_record
TN:
SF:src\options.js
FN:4,initializeOptionsPage
FN:13,loadSettings
FN:40,handleFormSubmit
FN:55,(anonymous_3)
FN:65,validateWhitelist
FN:68,(anonymous_5)
FN:69,(anonymous_6)
FN:73,initializePremiumFeatures
FN:82,handlePremiumUpgrade
FN:105,handleAuthCallback
FN:120,updatePremiumStatus
FN:130,exportData
FN:139,importData
FN:149,validateImportedData
FN:163,showStatusMessage
FN:170,(anonymous_15)
FN:176,extractTokenFromUrl
FNF:17
FNH:16
FNDA:1,initializeOptionsPage
FNDA:3,loadSettings
FNDA:1,handleFormSubmit
FNDA:1,(anonymous_3)
FNDA:3,validateWhitelist
FNDA:3,(anonymous_5)
FNDA:3,(anonymous_6)
FNDA:4,initializePremiumFeatures
FNDA:3,handlePremiumUpgrade
FNDA:2,handleAuthCallback
FNDA:6,updatePremiumStatus
FNDA:1,exportData
FNDA:3,importData
FNDA:2,validateImportedData
FNDA:5,showStatusMessage
FNDA:0,(anonymous_15)
FNDA:1,extractTokenFromUrl
DA:5,1
DA:6,1
DA:8,1
DA:9,1
DA:14,3
DA:15,3
DA:17,2
DA:18,2
DA:20,2
DA:21,1
DA:24,2
DA:25,1
DA:30,1
DA:31,1
DA:32,1
DA:33,1
DA:34,1
DA:41,1
DA:43,1
DA:44,1
DA:46,1
DA:47,1
DA:48,0
DA:49,0
DA:52,1
DA:53,1
DA:55,1
DA:58,1
DA:60,0
DA:66,3
DA:67,2
DA:68,3
DA:69,3
DA:74,4
DA:75,4
DA:76,4
DA:79,4
DA:83,3
DA:84,3
DA:85,3
DA:87,3
DA:92,1
DA:93,1
DA:96,2
DA:97,2
DA:98,2
DA:99,2
DA:100,2
DA:106,2
DA:107,2
DA:112,2
DA:113,2
DA:116,0
DA:121,6
DA:122,6
DA:124,6
DA:125,6
DA:131,1
DA:132,1
DA:133,1
DA:135,0
DA:140,3
DA:141,3
DA:142,2
DA:143,1
DA:145,2
DA:150,2
DA:151,0
DA:154,2
DA:155,2
DA:156,3
DA:157,1
DA:164,5
DA:165,5
DA:166,5
DA:167,5
DA:168,5
DA:170,5
DA:171,0
DA:177,1
DA:178,1
DA:179,0
DA:181,1
LF:83
LH:75
BRDA:20,0,0,1
BRDA:20,0,1,1
BRDA:24,1,0,1
BRDA:24,1,1,1
BRDA:25,2,0,1
BRDA:25,2,1,0
BRDA:31,3,0,1
BRDA:31,3,1,0
BRDA:47,4,0,0
BRDA:47,4,1,1
BRDA:66,5,0,1
BRDA:66,5,1,2
BRDA:75,6,0,4
BRDA:75,6,1,0
BRDA:98,7,0,2
BRDA:98,7,1,0
BRDA:124,8,0,6
BRDA:124,8,1,0
BRDA:125,9,0,0
BRDA:125,9,1,6
BRDA:150,10,0,0
BRDA:150,10,1,2
BRDA:150,11,0,2
BRDA:150,11,1,2
BRDA:156,12,0,1
BRDA:156,12,1,2
BRDA:163,13,0,3
BRDA:165,14,0,5
BRDA:165,14,1,0
BRDA:167,15,0,2
BRDA:167,15,1,3
BRDA:178,16,0,0
BRDA:178,16,1,1
BRF:33
BRH:23
end_of_record
TN:
SF:src\popup.js
FN:16,initializePopup
FN:28,loadSettings
FN:34,loadCookies
FN:44,displayCookies
FN:49,(anonymous_4)
FN:56,createCookieElement
FN:65,(anonymous_6)
FN:73,deleteCookie
FN:87,saveSettings
FN:97,validateSettings
FN:113,updateUI
FN:147,toggleTheme
FN:158,setupEventListeners
FN:160,(anonymous_13)
FN:169,(anonymous_14)
FN:175,(anonymous_15)
FN:184,(anonymous_16)
FN:189,(anonymous_17)
FN:193,(anonymous_18)
FN:211,showError
FN:216,(anonymous_20)
FN:222,showFeedback
FN:229,(anonymous_22)
FN:236,showLoadingFeedback
FNF:24
FNH:13
FNDA:2,initializePopup
FNDA:4,loadSettings
FNDA:4,loadCookies
FNDA:2,displayCookies
FNDA:4,(anonymous_4)
FNDA:4,createCookieElement
FNDA:0,(anonymous_6)
FNDA:2,deleteCookie
FNDA:4,saveSettings
FNDA:4,validateSettings
FNDA:6,updateUI
FNDA:2,toggleTheme
FNDA:2,setupEventListeners
FNDA:0,(anonymous_13)
FNDA:0,(anonymous_14)
FNDA:0,(anonymous_15)
FNDA:0,(anonymous_16)
FNDA:0,(anonymous_17)
FNDA:0,(anonymous_18)
FNDA:3,showError
FNDA:0,(anonymous_20)
FNDA:0,showFeedback
FNDA:0,(anonymous_22)
FNDA:0,showLoadingFeedback
DA:7,9
DA:8,9
DA:9,9
DA:10,9
DA:11,9
DA:12,9
DA:13,9
DA:17,2
DA:18,2
DA:19,2
DA:20,2
DA:21,2
DA:23,0
DA:29,4
DA:30,4
DA:35,4
DA:36,4
DA:37,4
DA:39,2
DA:45,2
DA:46,2
DA:48,2
DA:49,2
DA:50,4
DA:51,4
DA:57,4
DA:58,4
DA:59,4
DA:65,4
DA:66,0
DA:69,4
DA:74,2
DA:75,2
DA:80,1
DA:82,1
DA:88,4
DA:89,1
DA:92,3
DA:93,3
DA:98,4
DA:101,4
DA:104,4
DA:107,3
DA:109,3
DA:115,6
DA:116,6
DA:119,6
DA:120,6
DA:121,6
DA:135,6
DA:136,0
DA:137,0
DA:138,0
DA:139,0
DA:141,6
DA:142,6
DA:148,2
DA:149,2
DA:151,2
DA:160,2
DA:161,0
DA:162,0
DA:167,2
DA:168,2
DA:169,2
DA:170,0
DA:172,0
DA:173,0
DA:174,0
DA:175,0
DA:178,0
DA:183,2
DA:184,2
DA:185,0
DA:186,0
DA:187,0
DA:189,0
DA:190,0
DA:194,0
DA:195,0
DA:196,0
DA:201,0
DA:202,0
DA:212,3
DA:213,3
DA:214,3
DA:215,3
DA:216,3
DA:217,0
DA:223,0
DA:225,0
DA:226,0
DA:228,0
DA:229,0
DA:230,0
DA:231,0
DA:237,0
DA:241,9
LF:98
LH:65
BRDA:30,0,0,4
BRDA:30,0,1,0
BRDA:46,1,0,0
BRDA:46,1,1,2
BRDA:88,2,0,1
BRDA:88,2,1,3
BRDA:98,3,0,0
BRDA:98,3,1,4
BRDA:98,4,0,4
BRDA:98,4,1,4
BRDA:101,5,0,0
BRDA:101,5,1,4
BRDA:101,6,0,4
BRDA:101,6,1,2
BRDA:104,7,0,1
BRDA:104,7,1,3
BRDA:104,8,0,4
BRDA:104,8,1,2
BRDA:107,9,0,0
BRDA:107,9,1,3
BRDA:107,10,0,3
BRDA:107,10,1,1
BRDA:113,11,0,0
BRDA:115,12,0,6
BRDA:115,12,1,2
BRDA:120,13,0,6
BRDA:120,13,1,0
BRDA:123,14,0,2
BRDA:123,14,1,4
BRDA:128,15,0,6
BRDA:128,15,1,4
BRDA:135,16,0,0
BRDA:135,16,1,6
BRDA:149,17,0,1
BRDA:149,17,1,1
BRDA:161,18,0,0
BRDA:161,18,1,0
BRDA:168,19,0,2
BRDA:168,19,1,0
BRDA:172,20,0,0
BRDA:172,20,1,0
BRDA:174,21,0,0
BRDA:174,21,1,0
BRDA:183,22,0,2
BRDA:183,22,1,0
BRDA:187,23,0,0
BRDA:187,23,1,0
BRDA:195,24,0,0
BRDA:195,24,1,0
BRDA:195,25,0,0
BRDA:195,25,1,0
BRDA:197,26,0,0
BRDA:197,26,1,0
BRDA:213,27,0,3
BRDA:213,27,1,0
BRDA:222,28,0,0
BRDA:222,29,0,0
BRDA:223,30,0,0
BRDA:223,30,1,0
BRDA:228,31,0,0
BRDA:228,31,1,0
BRF:61
BRH:30
end_of_record
TN:
SF:src\sync.js
FN:8,getAuthToken
FN:17,clearAuthToken
FN:27,validateTaskData
FN:34,sanitizeTaskData
FN:44,syncTasksToServer
FN:80,syncTasksFromServer
FN:116,resolveSyncConflict
FN:136,scheduleSync
FN:142,cancelSync
FN:146,initializeSync
FN:148,(anonymous_10)
FNF:11
FNH:10
FNDA:8,getAuthToken
FNDA:1,clearAuthToken
FNDA:3,validateTaskData
FNDA:3,sanitizeTaskData
FNDA:2,syncTasksToServer
FNDA:3,syncTasksFromServer
FNDA:1,resolveSyncConflict
FNDA:2,scheduleSync
FNDA:1,cancelSync
FNDA:1,initializeSync
FNDA:0,(anonymous_10)
DA:4,11
DA:5,11
DA:9,8
DA:10,8
DA:11,7
DA:13,1
DA:18,1
DA:19,1
DA:20,1
DA:22,0
DA:28,3
DA:29,3
DA:30,3
DA:31,3
DA:35,3
DA:45,2
DA:46,2
DA:47,2
DA:49,2
DA:50,0
DA:53,2
DA:55,2
DA:64,1
DA:65,0
DA:68,1
DA:70,1
DA:71,1
DA:73,0
DA:74,0
DA:76,0
DA:81,3
DA:82,3
DA:83,3
DA:89,3
DA:90,1
DA:93,2
DA:94,2
DA:95,1
DA:98,1
DA:99,1
DA:101,1
DA:103,2
DA:104,0
DA:106,2
DA:107,1
DA:109,1
DA:110,1
DA:112,0
DA:117,1
DA:119,1
DA:120,1
DA:121,1
DA:123,1
DA:124,0
DA:125,1
DA:126,0
DA:128,1
DA:132,1
DA:137,2
DA:143,1
DA:147,1
DA:148,1
DA:149,0
DA:150,0
DA:151,0
DA:152,0
DA:154,0
LF:67
LH:52
BRDA:28,0,0,0
BRDA:28,0,1,3
BRDA:28,1,0,3
BRDA:28,1,1,3
BRDA:29,2,0,0
BRDA:29,2,1,3
BRDA:29,3,0,3
BRDA:29,3,1,3
BRDA:30,4,0,0
BRDA:30,4,1,3
BRDA:30,5,0,3
BRDA:30,5,1,3
BRDA:39,6,0,3
BRDA:39,6,1,2
BRDA:49,7,0,0
BRDA:49,7,1,2
BRDA:64,8,0,0
BRDA:64,8,1,1
BRDA:70,9,0,1
BRDA:70,9,1,0
BRDA:73,10,0,0
BRDA:73,10,1,0
BRDA:89,11,0,1
BRDA:89,11,1,2
BRDA:94,12,0,1
BRDA:94,12,1,1
BRDA:94,13,0,2
BRDA:94,13,1,2
BRDA:103,14,0,0
BRDA:103,14,1,2
BRDA:106,15,0,1
BRDA:106,15,1,1
BRDA:109,16,0,1
BRDA:109,16,1,0
BRDA:123,17,0,0
BRDA:123,17,1,1
BRDA:125,18,0,0
BRDA:125,18,1,1
BRDA:128,19,0,1
BRDA:128,19,1,0
BRDA:149,20,0,0
BRDA:149,20,1,0
BRF:42
BRH:27
end_of_record
TN:
SF:src\task-storage.js
FN:7,validateTask
FN:20,getAllTasks
FN:30,saveTask
FN:39,updateTask
FN:51,deleteTask
FN:59,getTasksByStatus
FN:62,(anonymous_6)
FN:67,searchTasks
FN:71,(anonymous_8)
FN:79,(anonymous_9)
FN:90,getTasks
FN:91,(anonymous_11)
FN:92,(anonymous_12)
FN:99,saveTasks
FN:100,(anonymous_14)
FN:106,addTask
FN:115,getTasksForDomain
FN:117,(anonymous_17)
FN:120,(anonymous_18)
FN:127,markTaskAsDone
FN:129,(anonymous_20)
FNF:21
FNH:9
FNDA:7,validateTask
FNDA:11,getAllTasks
FNDA:6,saveTask
FNDA:1,updateTask
FNDA:1,deleteTask
FNDA:2,getTasksByStatus
FNDA:6,(anonymous_6)
FNDA:1,searchTasks
FNDA:3,(anonymous_8)
FNDA:0,(anonymous_9)
FNDA:0,getTasks
FNDA:0,(anonymous_11)
FNDA:0,(anonymous_12)
FNDA:0,saveTasks
FNDA:0,(anonymous_14)
FNDA:0,addTask
FNDA:0,getTasksForDomain
FNDA:0,(anonymous_17)
FNDA:0,(anonymous_18)
FNDA:0,markTaskAsDone
FNDA:0,(anonymous_20)
DA:8,7
DA:9,1
DA:11,6
DA:12,1
DA:14,5
DA:15,1
DA:21,11
DA:22,11
DA:23,10
DA:25,1
DA:31,6
DA:32,3
DA:33,3
DA:34,3
DA:35,3
DA:40,1
DA:41,1
DA:42,1
DA:43,0
DA:45,1
DA:46,1
DA:47,1
DA:52,1
DA:53,1
DA:54,1
DA:55,1
DA:60,2
DA:61,2
DA:62,6
DA:68,1
DA:69,1
DA:70,1
DA:72,3
DA:80,0
DA:81,0
DA:82,0
DA:83,0
DA:84,0
DA:85,0
DA:91,0
DA:92,0
DA:93,0
DA:100,0
DA:101,0
DA:107,0
DA:108,0
DA:109,0
DA:110,0
DA:111,0
DA:116,0
DA:117,0
DA:118,0
DA:121,0
DA:122,0
DA:128,0
DA:129,0
DA:130,0
DA:131,0
DA:132,0
DA:134,0
LF:60
LH:32
BRDA:8,0,0,1
BRDA:8,0,1,6
BRDA:8,1,0,7
BRDA:8,1,1,6
BRDA:8,1,2,6
BRDA:11,2,0,1
BRDA:11,2,1,5
BRDA:14,3,0,1
BRDA:14,3,1,4
BRDA:23,4,0,10
BRDA:23,4,1,2
BRDA:42,5,0,0
BRDA:42,5,1,1
BRDA:79,6,0,0
BRDA:93,7,0,0
BRDA:93,7,1,0
BRDA:118,8,0,0
BRDA:118,8,1,0
BRDA:130,9,0,0
BRDA:130,9,1,0
BRF:20
BRH:12
end_of_record
TN:
SF:tests\mocks\webextension-polyfill.js
FN:17,(anonymous_0)
FN:36,(anonymous_1)
FN:59,(anonymous_2)
FN:62,(anonymous_3)
FN:93,clearMocks
FNF:5
FNH:5
FNDA:11,(anonymous_0)
FNDA:2,(anonymous_1)
FNDA:3,(anonymous_2)
FNDA:2,(anonymous_3)
FNDA:2,clearMocks
DA:4,3
DA:10,3
DA:14,3
DA:18,11
DA:19,0
DA:21,11
DA:37,2
DA:38,1
DA:40,1
DA:60,3
DA:63,2
DA:64,0
DA:66,2
DA:94,2
LF:14
LH:12
BRDA:18,0,0,0
BRDA:18,0,1,11
BRDA:37,1,0,1
BRDA:37,1,1,1
BRDA:60,2,0,3
BRDA:60,2,1,0
BRDA:63,3,0,0
BRDA:63,3,1,2
BRF:8
BRH:5
end_of_record
